<?xml version="1.0" encoding="UTF-8"?>
<testsuite name="com.learncamel.LearncamelSpringBootSpringBootApplicationTests" time="0.017" tests="1" errors="1" skipped="0" failures="0">
  <properties>
    <property name="java.runtime.name" value="Java(TM) SE Runtime Environment"/>
    <property name="sun.boot.library.path" value="C:\Program Files\Java\jdk1.8.0_202\jre\bin"/>
    <property name="java.vm.version" value="25.202-b08"/>
    <property name="java.vm.vendor" value="Oracle Corporation"/>
    <property name="maven.multiModuleProjectDirectory" value="D:\ericsson\workspace\osm-camel-ws1\camel-beanio-lab1"/>
    <property name="java.vendor.url" value="http://java.oracle.com/"/>
    <property name="path.separator" value=";"/>
    <property name="guice.disable.misplaced.annotation.check" value="true"/>
    <property name="java.vm.name" value="Java HotSpot(TM) 64-Bit Server VM"/>
    <property name="file.encoding.pkg" value="sun.io"/>
    <property name="user.script" value=""/>
    <property name="user.country" value="IN"/>
    <property name="sun.java.launcher" value="SUN_STANDARD"/>
    <property name="sun.os.patch.level" value=""/>
    <property name="java.vm.specification.name" value="Java Virtual Machine Specification"/>
    <property name="user.dir" value="D:\ericsson\workspace\osm-camel-ws1\camel-beanio-lab1"/>
    <property name="java.runtime.version" value="1.8.0_202-b08"/>
    <property name="java.awt.graphicsenv" value="sun.awt.Win32GraphicsEnvironment"/>
    <property name="java.endorsed.dirs" value="C:\Program Files\Java\jdk1.8.0_202\jre\lib\endorsed"/>
    <property name="os.arch" value="amd64"/>
    <property name="java.io.tmpdir" value="C:\Users\sawan.k\AppData\Local\Temp\"/>
    <property name="line.separator" value="&#10;"/>
    <property name="java.vm.specification.vendor" value="Oracle Corporation"/>
    <property name="user.variant" value=""/>
    <property name="os.name" value="Windows 10"/>
    <property name="classworlds.conf" value="D:\ericsson\workspace\osm-camel-ws1\.metadata\.plugins\org.eclipse.m2e.launching\launches\m2conf3987733995546036889.tmp"/>
    <property name="jansi.force" value="true"/>
    <property name="sun.jnu.encoding" value="Cp1252"/>
    <property name="java.library.path" value="C:\Program Files\Java\jdk1.8.0_202\bin;C:\Windows\Sun\Java\bin;C:\Windows\system32;C:\Windows;C:/Program Files/Java/jdk1.8.0_202/bin/../jre/bin/server;C:/Program Files/Java/jdk1.8.0_202/bin/../jre/bin;C:/Program Files/Java/jdk1.8.0_202/bin/../jre/lib/amd64;C:\Python310\Scripts\;C:\Python310\;C:\Windows\system32;C:\Windows;C:\Windows\System32\Wbem;C:\Windows\System32\WindowsPowerShell\v1.0\;C:\Windows\System32\OpenSSH\;C:\Program Files (x86)\Pulse Secure\VC142.CRT\X64\;C:\Program Files (x86)\Pulse Secure\VC142.CRT\X86\;D:\soft\apache-maven-3.8.3\bin;C:\Program Files\Git\cmd;C:\Program Files\Git\mingw64\bin;C:\Program Files\Git\usr\bin;C:\Program Files\Java\jdk1.8.0_202\bin;C:\Program Files\dotnet\;C:\Program Files (x86)\Intel\Intel(R) Management Engine Components\DAL;C:\Program Files\Intel\Intel(R) Management Engine Components\DAL;C:\Program Files\nodejs\;C:\ProgramData\chocolatey\bin;%LOCALAPPDATA%\Android\Sdk\platform-tools;C:\Program Files (x86)\Common Files\Pulse Secure\TNC Client Plugin\;C:\Users\sawan.k\AppData\Local\Programs\Python\Python38\Scripts\;C:\Users\sawan.k\AppData\Local\Programs\Python\Python38\;C:\Users\sawan.k\AppData\Local\Microsoft\WindowsApps;C:\Users\sawan.k\AppData\Roaming\npm;D:\soft\sts-bundle\sts-3.9.12.RELEASE;;."/>
    <property name="jansi.passthrough" value="true"/>
    <property name="java.specification.name" value="Java Platform API Specification"/>
    <property name="java.class.version" value="52.0"/>
    <property name="sun.management.compiler" value="HotSpot 64-Bit Tiered Compilers"/>
    <property name="os.version" value="10.0"/>
    <property name="user.home" value="C:\Users\sawan.k"/>
    <property name="user.timezone" value="Asia/Calcutta"/>
    <property name="java.awt.printerjob" value="sun.awt.windows.WPrinterJob"/>
    <property name="java.specification.version" value="1.8"/>
    <property name="file.encoding" value="Cp1252"/>
    <property name="user.name" value="sawan.k"/>
    <property name="java.class.path" value="D:\soft\sts-bundle\sts-3.9.12.RELEASE\plugins\org.eclipse.m2e.maven.runtime_1.15.0.20200310-1832\jars\plexus-classworlds-2.6.0.jar"/>
    <property name="java.vm.specification.version" value="1.8"/>
    <property name="sun.arch.data.model" value="64"/>
    <property name="java.home" value="C:\Program Files\Java\jdk1.8.0_202\jre"/>
    <property name="sun.java.command" value="org.codehaus.plexus.classworlds.launcher.Launcher -Plearncamel-spring-boot-file -B -s D:\soft\apache-maven-3.8.3\conf\settings.xml clean install -Dstyle.color=always"/>
    <property name="java.specification.vendor" value="Oracle Corporation"/>
    <property name="user.language" value="en"/>
    <property name="awt.toolkit" value="sun.awt.windows.WToolkit"/>
    <property name="java.vm.info" value="mixed mode"/>
    <property name="java.version" value="1.8.0_202"/>
    <property name="java.ext.dirs" value="C:\Program Files\Java\jdk1.8.0_202\jre\lib\ext;C:\Windows\Sun\Java\lib\ext"/>
    <property name="sun.boot.class.path" value="C:\Program Files\Java\jdk1.8.0_202\jre\lib\resources.jar;C:\Program Files\Java\jdk1.8.0_202\jre\lib\rt.jar;C:\Program Files\Java\jdk1.8.0_202\jre\lib\sunrsasign.jar;C:\Program Files\Java\jdk1.8.0_202\jre\lib\jsse.jar;C:\Program Files\Java\jdk1.8.0_202\jre\lib\jce.jar;C:\Program Files\Java\jdk1.8.0_202\jre\lib\charsets.jar;C:\Program Files\Java\jdk1.8.0_202\jre\lib\jfr.jar;C:\Program Files\Java\jdk1.8.0_202\jre\classes"/>
    <property name="java.vendor" value="Oracle Corporation"/>
    <property name="maven.home" value="D:\ericsson\workspace\osm-camel-ws1\camel-beanio-lab1\EMBEDDED"/>
    <property name="style.color" value="always"/>
    <property name="file.separator" value="\"/>
    <property name="java.vendor.url.bug" value="http://bugreport.sun.com/bugreport/"/>
    <property name="sun.cpu.endian" value="little"/>
    <property name="sun.io.unicode.encoding" value="UnicodeLittle"/>
    <property name="sun.desktop" value="windows"/>
    <property name="sun.cpu.isalist" value="amd64"/>
  </properties>
  <testcase name="contextLoads" classname="com.learncamel.LearncamelSpringBootSpringBootApplicationTests" time="0.017">
    <error message="Failed to load ApplicationContext" type="java.lang.IllegalStateException">java.lang.IllegalStateException: Failed to load ApplicationContext
	at org.springframework.test.context.cache.DefaultCacheAwareContextLoaderDelegate.loadContext(DefaultCacheAwareContextLoaderDelegate.java:124)
	at org.springframework.test.context.support.DefaultTestContext.getApplicationContext(DefaultTestContext.java:83)
	at org.springframework.test.context.web.ServletTestExecutionListener.setUpRequestContextIfNecessary(ServletTestExecutionListener.java:189)
	at org.springframework.test.context.web.ServletTestExecutionListener.prepareTestInstance(ServletTestExecutionListener.java:131)
	at org.springframework.test.context.TestContextManager.prepareTestInstance(TestContextManager.java:230)
	at org.springframework.test.context.junit4.SpringJUnit4ClassRunner.createTest(SpringJUnit4ClassRunner.java:228)
	at org.springframework.test.context.junit4.SpringJUnit4ClassRunner$1.runReflectiveCall(SpringJUnit4ClassRunner.java:287)
	at org.junit.internal.runners.model.ReflectiveCallable.run(ReflectiveCallable.java:12)
	at org.springframework.test.context.junit4.SpringJUnit4ClassRunner.methodBlock(SpringJUnit4ClassRunner.java:289)
	at org.springframework.test.context.junit4.SpringJUnit4ClassRunner.runChild(SpringJUnit4ClassRunner.java:247)
	at org.springframework.test.context.junit4.SpringJUnit4ClassRunner.runChild(SpringJUnit4ClassRunner.java:94)
	at org.junit.runners.ParentRunner$3.run(ParentRunner.java:290)
	at org.junit.runners.ParentRunner$1.schedule(ParentRunner.java:71)
	at org.junit.runners.ParentRunner.runChildren(ParentRunner.java:288)
	at org.junit.runners.ParentRunner.access$000(ParentRunner.java:58)
	at org.junit.runners.ParentRunner$2.evaluate(ParentRunner.java:268)
	at org.springframework.test.context.junit4.statements.RunBeforeTestClassCallbacks.evaluate(RunBeforeTestClassCallbacks.java:61)
	at org.springframework.test.context.junit4.statements.RunAfterTestClassCallbacks.evaluate(RunAfterTestClassCallbacks.java:70)
	at org.junit.runners.ParentRunner.run(ParentRunner.java:363)
	at org.springframework.test.context.junit4.SpringJUnit4ClassRunner.run(SpringJUnit4ClassRunner.java:191)
	at org.apache.maven.surefire.junit4.JUnit4Provider.execute(JUnit4Provider.java:283)
	at org.apache.maven.surefire.junit4.JUnit4Provider.executeWithRerun(JUnit4Provider.java:173)
	at org.apache.maven.surefire.junit4.JUnit4Provider.executeTestSet(JUnit4Provider.java:153)
	at org.apache.maven.surefire.junit4.JUnit4Provider.invoke(JUnit4Provider.java:128)
	at org.apache.maven.surefire.booter.ForkedBooter.invokeProviderInSameClassLoader(ForkedBooter.java:203)
	at org.apache.maven.surefire.booter.ForkedBooter.runSuitesInProcess(ForkedBooter.java:155)
	at org.apache.maven.surefire.booter.ForkedBooter.main(ForkedBooter.java:103)
Caused by: org.apache.camel.RuntimeCamelException: org.apache.camel.FailedToCreateRouteException: Failed to create route route1: Route(route1)[[From[file:data/input?noop=true]] -> [Unmarsha... because of Cannot find resource: mappings.xml in classpath for URI: mappings.xml
	at org.apache.camel.util.ObjectHelper.wrapRuntimeCamelException(ObjectHelper.java:1831)
	at org.apache.camel.spring.SpringCamelContext.start(SpringCamelContext.java:136)
	at org.apache.camel.spring.SpringCamelContext.onApplicationEvent(SpringCamelContext.java:174)
	at org.springframework.context.event.SimpleApplicationEventMulticaster.doInvokeListener(SimpleApplicationEventMulticaster.java:172)
	at org.springframework.context.event.SimpleApplicationEventMulticaster.invokeListener(SimpleApplicationEventMulticaster.java:165)
	at org.springframework.context.event.SimpleApplicationEventMulticaster.multicastEvent(SimpleApplicationEventMulticaster.java:139)
	at org.springframework.context.support.AbstractApplicationContext.publishEvent(AbstractApplicationContext.java:393)
	at org.springframework.context.support.AbstractApplicationContext.publishEvent(AbstractApplicationContext.java:347)
	at org.springframework.context.support.AbstractApplicationContext.finishRefresh(AbstractApplicationContext.java:883)
	at org.springframework.context.support.AbstractApplicationContext.refresh(AbstractApplicationContext.java:546)
	at org.springframework.boot.SpringApplication.refresh(SpringApplication.java:693)
	at org.springframework.boot.SpringApplication.refreshContext(SpringApplication.java:360)
	at org.springframework.boot.SpringApplication.run(SpringApplication.java:303)
	at org.springframework.boot.test.context.SpringBootContextLoader.loadContext(SpringBootContextLoader.java:120)
	at org.springframework.test.context.cache.DefaultCacheAwareContextLoaderDelegate.loadContextInternal(DefaultCacheAwareContextLoaderDelegate.java:98)
	at org.springframework.test.context.cache.DefaultCacheAwareContextLoaderDelegate.loadContext(DefaultCacheAwareContextLoaderDelegate.java:116)
	at org.springframework.test.context.support.DefaultTestContext.getApplicationContext(DefaultTestContext.java:83)
	at org.springframework.test.context.web.ServletTestExecutionListener.setUpRequestContextIfNecessary(ServletTestExecutionListener.java:189)
	at org.springframework.test.context.web.ServletTestExecutionListener.prepareTestInstance(ServletTestExecutionListener.java:131)
	at org.springframework.test.context.TestContextManager.prepareTestInstance(TestContextManager.java:230)
	at org.springframework.test.context.junit4.SpringJUnit4ClassRunner.createTest(SpringJUnit4ClassRunner.java:228)
	at org.springframework.test.context.junit4.SpringJUnit4ClassRunner$1.runReflectiveCall(SpringJUnit4ClassRunner.java:287)
	at org.junit.internal.runners.model.ReflectiveCallable.run(ReflectiveCallable.java:12)
	at org.springframework.test.context.junit4.SpringJUnit4ClassRunner.methodBlock(SpringJUnit4ClassRunner.java:289)
	at org.springframework.test.context.junit4.SpringJUnit4ClassRunner.runChild(SpringJUnit4ClassRunner.java:247)
	at org.springframework.test.context.junit4.SpringJUnit4ClassRunner.runChild(SpringJUnit4ClassRunner.java:94)
	at org.junit.runners.ParentRunner$3.run(ParentRunner.java:290)
	at org.junit.runners.ParentRunner$1.schedule(ParentRunner.java:71)
	at org.junit.runners.ParentRunner.runChildren(ParentRunner.java:288)
	at org.junit.runners.ParentRunner.access$000(ParentRunner.java:58)
	at org.junit.runners.ParentRunner$2.evaluate(ParentRunner.java:268)
	at org.springframework.test.context.junit4.statements.RunBeforeTestClassCallbacks.evaluate(RunBeforeTestClassCallbacks.java:61)
	at org.springframework.test.context.junit4.statements.RunAfterTestClassCallbacks.evaluate(RunAfterTestClassCallbacks.java:70)
	at org.junit.runners.ParentRunner.run(ParentRunner.java:363)
	at org.springframework.test.context.junit4.SpringJUnit4ClassRunner.run(SpringJUnit4ClassRunner.java:191)
	at org.apache.maven.surefire.junit4.JUnit4Provider.execute(JUnit4Provider.java:283)
	at org.apache.maven.surefire.junit4.JUnit4Provider.executeWithRerun(JUnit4Provider.java:173)
	at org.apache.maven.surefire.junit4.JUnit4Provider.executeTestSet(JUnit4Provider.java:153)
	at org.apache.maven.surefire.junit4.JUnit4Provider.invoke(JUnit4Provider.java:128)
	at org.apache.maven.surefire.booter.ForkedBooter.invokeProviderInSameClassLoader(ForkedBooter.java:203)
	at org.apache.maven.surefire.booter.ForkedBooter.runSuitesInProcess(ForkedBooter.java:155)
	at org.apache.maven.surefire.booter.ForkedBooter.main(ForkedBooter.java:103)
Caused by: org.apache.camel.FailedToCreateRouteException: Failed to create route route1: Route(route1)[[From[file:data/input?noop=true]] -> [Unmarsha... because of Cannot find resource: mappings.xml in classpath for URI: mappings.xml
	at org.apache.camel.impl.RouteService.warmUp(RouteService.java:147)
	at org.apache.camel.impl.DefaultCamelContext.doWarmUpRoutes(DefaultCamelContext.java:3945)
	at org.apache.camel.impl.DefaultCamelContext.safelyStartRouteServices(DefaultCamelContext.java:3852)
	at org.apache.camel.impl.DefaultCamelContext.doStartOrResumeRoutes(DefaultCamelContext.java:3638)
	at org.apache.camel.impl.DefaultCamelContext.doStartCamel(DefaultCamelContext.java:3490)
	at org.apache.camel.impl.DefaultCamelContext.access$000(DefaultCamelContext.java:208)
	at org.apache.camel.impl.DefaultCamelContext$2.call(DefaultCamelContext.java:3249)
	at org.apache.camel.impl.DefaultCamelContext$2.call(DefaultCamelContext.java:3245)
	at org.apache.camel.impl.DefaultCamelContext.doWithDefinedClassLoader(DefaultCamelContext.java:3268)
	at org.apache.camel.impl.DefaultCamelContext.doStart(DefaultCamelContext.java:3245)
	at org.apache.camel.support.ServiceSupport.start(ServiceSupport.java:61)
	at org.apache.camel.impl.DefaultCamelContext.start(DefaultCamelContext.java:3168)
	at org.apache.camel.spring.SpringCamelContext.start(SpringCamelContext.java:133)
	at org.apache.camel.spring.SpringCamelContext.onApplicationEvent(SpringCamelContext.java:174)
	at org.springframework.context.event.SimpleApplicationEventMulticaster.doInvokeListener(SimpleApplicationEventMulticaster.java:172)
	at org.springframework.context.event.SimpleApplicationEventMulticaster.invokeListener(SimpleApplicationEventMulticaster.java:165)
	at org.springframework.context.event.SimpleApplicationEventMulticaster.multicastEvent(SimpleApplicationEventMulticaster.java:139)
	at org.springframework.context.support.AbstractApplicationContext.publishEvent(AbstractApplicationContext.java:393)
	at org.springframework.context.support.AbstractApplicationContext.publishEvent(AbstractApplicationContext.java:347)
	at org.springframework.context.support.AbstractApplicationContext.finishRefresh(AbstractApplicationContext.java:883)
	at org.springframework.context.support.AbstractApplicationContext.refresh(AbstractApplicationContext.java:546)
	at org.springframework.boot.SpringApplication.refresh(SpringApplication.java:693)
	at org.springframework.boot.SpringApplication.refreshContext(SpringApplication.java:360)
	at org.springframework.boot.SpringApplication.run(SpringApplication.java:303)
	at org.springframework.boot.test.context.SpringBootContextLoader.loadContext(SpringBootContextLoader.java:120)
	at org.springframework.test.context.cache.DefaultCacheAwareContextLoaderDelegate.loadContextInternal(DefaultCacheAwareContextLoaderDelegate.java:98)
	at org.springframework.test.context.cache.DefaultCacheAwareContextLoaderDelegate.loadContext(DefaultCacheAwareContextLoaderDelegate.java:116)
	at org.springframework.test.context.support.DefaultTestContext.getApplicationContext(DefaultTestContext.java:83)
	at org.springframework.test.context.web.ServletTestExecutionListener.setUpRequestContextIfNecessary(ServletTestExecutionListener.java:189)
	at org.springframework.test.context.web.ServletTestExecutionListener.prepareTestInstance(ServletTestExecutionListener.java:131)
	at org.springframework.test.context.TestContextManager.prepareTestInstance(TestContextManager.java:230)
	at org.springframework.test.context.junit4.SpringJUnit4ClassRunner.createTest(SpringJUnit4ClassRunner.java:228)
	at org.springframework.test.context.junit4.SpringJUnit4ClassRunner$1.runReflectiveCall(SpringJUnit4ClassRunner.java:287)
	at org.junit.internal.runners.model.ReflectiveCallable.run(ReflectiveCallable.java:12)
	at org.springframework.test.context.junit4.SpringJUnit4ClassRunner.methodBlock(SpringJUnit4ClassRunner.java:289)
	at org.springframework.test.context.junit4.SpringJUnit4ClassRunner.runChild(SpringJUnit4ClassRunner.java:247)
	at org.springframework.test.context.junit4.SpringJUnit4ClassRunner.runChild(SpringJUnit4ClassRunner.java:94)
	at org.junit.runners.ParentRunner$3.run(ParentRunner.java:290)
	at org.junit.runners.ParentRunner$1.schedule(ParentRunner.java:71)
	at org.junit.runners.ParentRunner.runChildren(ParentRunner.java:288)
	at org.junit.runners.ParentRunner.access$000(ParentRunner.java:58)
	at org.junit.runners.ParentRunner$2.evaluate(ParentRunner.java:268)
	at org.springframework.test.context.junit4.statements.RunBeforeTestClassCallbacks.evaluate(RunBeforeTestClassCallbacks.java:61)
	at org.springframework.test.context.junit4.statements.RunAfterTestClassCallbacks.evaluate(RunAfterTestClassCallbacks.java:70)
	at org.junit.runners.ParentRunner.run(ParentRunner.java:363)
	at org.springframework.test.context.junit4.SpringJUnit4ClassRunner.run(SpringJUnit4ClassRunner.java:191)
	at org.apache.maven.surefire.junit4.JUnit4Provider.execute(JUnit4Provider.java:283)
	at org.apache.maven.surefire.junit4.JUnit4Provider.executeWithRerun(JUnit4Provider.java:173)
	at org.apache.maven.surefire.junit4.JUnit4Provider.executeTestSet(JUnit4Provider.java:153)
	at org.apache.maven.surefire.junit4.JUnit4Provider.invoke(JUnit4Provider.java:128)
	at org.apache.maven.surefire.booter.ForkedBooter.invokeProviderInSameClassLoader(ForkedBooter.java:203)
	at org.apache.maven.surefire.booter.ForkedBooter.runSuitesInProcess(ForkedBooter.java:155)
	at org.apache.maven.surefire.booter.ForkedBooter.main(ForkedBooter.java:103)
Caused by: java.io.FileNotFoundException: Cannot find resource: mappings.xml in classpath for URI: mappings.xml
	at org.apache.camel.util.ResourceHelper.resolveMandatoryResourceAsInputStream(ResourceHelper.java:179)
	at org.apache.camel.dataformat.beanio.BeanIODataFormat.doStart(BeanIODataFormat.java:80)
	at org.apache.camel.support.ServiceSupport.start(ServiceSupport.java:61)
	at org.apache.camel.util.ServiceHelper.startService(ServiceHelper.java:75)
	at org.apache.camel.impl.DefaultCamelContext.doAddService(DefaultCamelContext.java:1495)
	at org.apache.camel.impl.DefaultCamelContext.addService(DefaultCamelContext.java:1455)
	at org.apache.camel.processor.UnmarshalProcessor.doStart(UnmarshalProcessor.java:127)
	at org.apache.camel.support.ServiceSupport.start(ServiceSupport.java:61)
	at org.apache.camel.util.ServiceHelper.startService(ServiceHelper.java:75)
	at org.apache.camel.util.ServiceHelper.startService(ServiceHelper.java:60)
	at org.apache.camel.util.ServiceHelper.startServices(ServiceHelper.java:104)
	at org.apache.camel.util.ServiceHelper.startServices(ServiceHelper.java:90)
	at org.apache.camel.processor.RedeliveryErrorHandler.doStart(RedeliveryErrorHandler.java:1472)
	at org.apache.camel.support.ChildServiceSupport.start(ChildServiceSupport.java:44)
	at org.apache.camel.support.ChildServiceSupport.start(ChildServiceSupport.java:31)
	at org.apache.camel.util.ServiceHelper.startService(ServiceHelper.java:75)
	at org.apache.camel.util.ServiceHelper.startService(ServiceHelper.java:60)
	at org.apache.camel.util.ServiceHelper.startServices(ServiceHelper.java:104)
	at org.apache.camel.util.ServiceHelper.startServices(ServiceHelper.java:90)
	at org.apache.camel.processor.interceptor.DefaultChannel.doStart(DefaultChannel.java:160)
	at org.apache.camel.support.ServiceSupport.start(ServiceSupport.java:61)
	at org.apache.camel.util.ServiceHelper.startService(ServiceHelper.java:75)
	at org.apache.camel.util.ServiceHelper.startService(ServiceHelper.java:60)
	at org.apache.camel.util.ServiceHelper.startServices(ServiceHelper.java:104)
	at org.apache.camel.util.ServiceHelper.startService(ServiceHelper.java:62)
	at org.apache.camel.util.ServiceHelper.startServices(ServiceHelper.java:104)
	at org.apache.camel.util.ServiceHelper.startServices(ServiceHelper.java:90)
	at org.apache.camel.processor.MulticastProcessor.doStart(MulticastProcessor.java:1172)
	at org.apache.camel.support.ServiceSupport.start(ServiceSupport.java:61)
	at org.apache.camel.util.ServiceHelper.startService(ServiceHelper.java:75)
	at org.apache.camel.util.ServiceHelper.startService(ServiceHelper.java:60)
	at org.apache.camel.util.ServiceHelper.startServices(ServiceHelper.java:104)
	at org.apache.camel.util.ServiceHelper.startServices(ServiceHelper.java:90)
	at org.apache.camel.processor.DelegateAsyncProcessor.doStart(DelegateAsyncProcessor.java:80)
	at org.apache.camel.support.ServiceSupport.start(ServiceSupport.java:61)
	at org.apache.camel.util.ServiceHelper.startService(ServiceHelper.java:75)
	at org.apache.camel.impl.RouteService.startChildService(RouteService.java:370)
	at org.apache.camel.impl.RouteService.doWarmUp(RouteService.java:196)
	at org.apache.camel.impl.RouteService.warmUp(RouteService.java:145)
	at org.apache.camel.impl.DefaultCamelContext.doWarmUpRoutes(DefaultCamelContext.java:3945)
	at org.apache.camel.impl.DefaultCamelContext.safelyStartRouteServices(DefaultCamelContext.java:3852)
	at org.apache.camel.impl.DefaultCamelContext.doStartOrResumeRoutes(DefaultCamelContext.java:3638)
	at org.apache.camel.impl.DefaultCamelContext.doStartCamel(DefaultCamelContext.java:3490)
	at org.apache.camel.impl.DefaultCamelContext.access$000(DefaultCamelContext.java:208)
	at org.apache.camel.impl.DefaultCamelContext$2.call(DefaultCamelContext.java:3249)
	at org.apache.camel.impl.DefaultCamelContext$2.call(DefaultCamelContext.java:3245)
	at org.apache.camel.impl.DefaultCamelContext.doWithDefinedClassLoader(DefaultCamelContext.java:3268)
	at org.apache.camel.impl.DefaultCamelContext.doStart(DefaultCamelContext.java:3245)
	at org.apache.camel.support.ServiceSupport.start(ServiceSupport.java:61)
	at org.apache.camel.impl.DefaultCamelContext.start(DefaultCamelContext.java:3168)
	at org.apache.camel.spring.SpringCamelContext.start(SpringCamelContext.java:133)
	at org.apache.camel.spring.SpringCamelContext.onApplicationEvent(SpringCamelContext.java:174)
	at org.springframework.context.event.SimpleApplicationEventMulticaster.doInvokeListener(SimpleApplicationEventMulticaster.java:172)
	at org.springframework.context.event.SimpleApplicationEventMulticaster.invokeListener(SimpleApplicationEventMulticaster.java:165)
	at org.springframework.context.event.SimpleApplicationEventMulticaster.multicastEvent(SimpleApplicationEventMulticaster.java:139)
	at org.springframework.context.support.AbstractApplicationContext.publishEvent(AbstractApplicationContext.java:393)
	at org.springframework.context.support.AbstractApplicationContext.publishEvent(AbstractApplicationContext.java:347)
	at org.springframework.context.support.AbstractApplicationContext.finishRefresh(AbstractApplicationContext.java:883)
	at org.springframework.context.support.AbstractApplicationContext.refresh(AbstractApplicationContext.java:546)
	at org.springframework.boot.SpringApplication.refresh(SpringApplication.java:693)
	at org.springframework.boot.SpringApplication.refreshContext(SpringApplication.java:360)
	at org.springframework.boot.SpringApplication.run(SpringApplication.java:303)
	at org.springframework.boot.test.context.SpringBootContextLoader.loadContext(SpringBootContextLoader.java:120)
	at org.springframework.test.context.cache.DefaultCacheAwareContextLoaderDelegate.loadContextInternal(DefaultCacheAwareContextLoaderDelegate.java:98)
	at org.springframework.test.context.cache.DefaultCacheAwareContextLoaderDelegate.loadContext(DefaultCacheAwareContextLoaderDelegate.java:116)
	at org.springframework.test.context.support.DefaultTestContext.getApplicationContext(DefaultTestContext.java:83)
	at org.springframework.test.context.web.ServletTestExecutionListener.setUpRequestContextIfNecessary(ServletTestExecutionListener.java:189)
	at org.springframework.test.context.web.ServletTestExecutionListener.prepareTestInstance(ServletTestExecutionListener.java:131)
	at org.springframework.test.context.TestContextManager.prepareTestInstance(TestContextManager.java:230)
	at org.springframework.test.context.junit4.SpringJUnit4ClassRunner.createTest(SpringJUnit4ClassRunner.java:228)
	at org.springframework.test.context.junit4.SpringJUnit4ClassRunner$1.runReflectiveCall(SpringJUnit4ClassRunner.java:287)
	at org.junit.internal.runners.model.ReflectiveCallable.run(ReflectiveCallable.java:12)
	at org.springframework.test.context.junit4.SpringJUnit4ClassRunner.methodBlock(SpringJUnit4ClassRunner.java:289)
	at org.springframework.test.context.junit4.SpringJUnit4ClassRunner.runChild(SpringJUnit4ClassRunner.java:247)
	at org.springframework.test.context.junit4.SpringJUnit4ClassRunner.runChild(SpringJUnit4ClassRunner.java:94)
	at org.junit.runners.ParentRunner$3.run(ParentRunner.java:290)
	at org.junit.runners.ParentRunner$1.schedule(ParentRunner.java:71)
	at org.junit.runners.ParentRunner.runChildren(ParentRunner.java:288)
	at org.junit.runners.ParentRunner.access$000(ParentRunner.java:58)
	at org.junit.runners.ParentRunner$2.evaluate(ParentRunner.java:268)
	at org.springframework.test.context.junit4.statements.RunBeforeTestClassCallbacks.evaluate(RunBeforeTestClassCallbacks.java:61)
	at org.springframework.test.context.junit4.statements.RunAfterTestClassCallbacks.evaluate(RunAfterTestClassCallbacks.java:70)
	at org.junit.runners.ParentRunner.run(ParentRunner.java:363)
	at org.springframework.test.context.junit4.SpringJUnit4ClassRunner.run(SpringJUnit4ClassRunner.java:191)
	at org.apache.maven.surefire.junit4.JUnit4Provider.execute(JUnit4Provider.java:283)
	at org.apache.maven.surefire.junit4.JUnit4Provider.executeWithRerun(JUnit4Provider.java:173)
	at org.apache.maven.surefire.junit4.JUnit4Provider.executeTestSet(JUnit4Provider.java:153)
	at org.apache.maven.surefire.junit4.JUnit4Provider.invoke(JUnit4Provider.java:128)
	at org.apache.maven.surefire.booter.ForkedBooter.invokeProviderInSameClassLoader(ForkedBooter.java:203)
	at org.apache.maven.surefire.booter.ForkedBooter.runSuitesInProcess(ForkedBooter.java:155)
	at org.apache.maven.surefire.booter.ForkedBooter.main(ForkedBooter.java:103)
</error>
    <system-out><![CDATA[06:57:16.878 [main] DEBUG org.springframework.test.context.junit4.SpringJUnit4ClassRunner - SpringJUnit4ClassRunner constructor called with [class com.learncamel.LearncamelSpringBootSpringBootApplicationTests]
06:57:16.907 [main] DEBUG org.springframework.test.context.BootstrapUtils - Instantiating CacheAwareContextLoaderDelegate from class [org.springframework.test.context.cache.DefaultCacheAwareContextLoaderDelegate]
06:57:16.926 [main] DEBUG org.springframework.test.context.BootstrapUtils - Instantiating BootstrapContext using constructor [public org.springframework.test.context.support.DefaultBootstrapContext(java.lang.Class,org.springframework.test.context.CacheAwareContextLoaderDelegate)]
06:57:17.025 [main] DEBUG org.springframework.test.context.BootstrapUtils - Instantiating TestContextBootstrapper for test class [com.learncamel.LearncamelSpringBootSpringBootApplicationTests] from class [org.springframework.boot.test.context.SpringBootTestContextBootstrapper]
06:57:17.062 [main] INFO org.springframework.boot.test.context.SpringBootTestContextBootstrapper - Neither @ContextConfiguration nor @ContextHierarchy found for test class [com.learncamel.LearncamelSpringBootSpringBootApplicationTests], using SpringBootContextLoader
06:57:17.071 [main] DEBUG org.springframework.test.context.support.AbstractContextLoader - Did not detect default resource location for test class [com.learncamel.LearncamelSpringBootSpringBootApplicationTests]: class path resource [com/learncamel/LearncamelSpringBootSpringBootApplicationTests-context.xml] does not exist
06:57:17.071 [main] DEBUG org.springframework.test.context.support.AbstractContextLoader - Did not detect default resource location for test class [com.learncamel.LearncamelSpringBootSpringBootApplicationTests]: class path resource [com/learncamel/LearncamelSpringBootSpringBootApplicationTestsContext.groovy] does not exist
06:57:17.072 [main] INFO org.springframework.test.context.support.AbstractContextLoader - Could not detect default resource locations for test class [com.learncamel.LearncamelSpringBootSpringBootApplicationTests]: no resource found for suffixes {-context.xml, Context.groovy}.
06:57:17.074 [main] INFO org.springframework.test.context.support.AnnotationConfigContextLoaderUtils - Could not detect default configuration classes for test class [com.learncamel.LearncamelSpringBootSpringBootApplicationTests]: LearncamelSpringBootSpringBootApplicationTests does not declare any static, non-private, non-final, nested classes annotated with @Configuration.
06:57:17.153 [main] DEBUG org.springframework.test.context.support.ActiveProfilesUtils - Could not find an 'annotation declaring class' for annotation type [org.springframework.test.context.ActiveProfiles] and class [com.learncamel.LearncamelSpringBootSpringBootApplicationTests]
06:57:17.168 [main] DEBUG org.springframework.core.env.StandardEnvironment - Adding PropertySource 'systemProperties' with lowest search precedence
06:57:17.170 [main] DEBUG org.springframework.core.env.StandardEnvironment - Adding PropertySource 'systemEnvironment' with lowest search precedence
06:57:17.171 [main] DEBUG org.springframework.core.env.StandardEnvironment - Initialized StandardEnvironment with PropertySources [MapPropertySource@841283083 {name='systemProperties', properties={java.runtime.name=Java(TM) SE Runtime Environment, sun.boot.library.path=C:\Program Files\Java\jdk1.8.0_202\jre\bin, java.vm.version=25.202-b08, java.vm.vendor=Oracle Corporation, java.vendor.url=http://java.oracle.com/, path.separator=;, java.vm.name=Java HotSpot(TM) 64-Bit Server VM, file.encoding.pkg=sun.io, user.country=IN, user.script=, sun.java.launcher=SUN_STANDARD, sun.os.patch.level=, java.vm.specification.name=Java Virtual Machine Specification, user.dir=D:\ericsson\workspace\osm-camel-ws1\camel-beanio-lab1, java.runtime.version=1.8.0_202-b08, basedir=D:\ericsson\workspace\osm-camel-ws1\camel-beanio-lab1, java.awt.graphicsenv=sun.awt.Win32GraphicsEnvironment, java.endorsed.dirs=C:\Program Files\Java\jdk1.8.0_202\jre\lib\endorsed, os.arch=amd64, surefire.real.class.path=D:\ericsson\workspace\osm-camel-ws1\camel-beanio-lab1\target\surefire\surefirebooter8813651710618716183.jar, java.io.tmpdir=C:\Users\sawan.k\AppData\Local\Temp\, line.separator=
, java.vm.specification.vendor=Oracle Corporation, user.variant=, os.name=Windows 10, sun.jnu.encoding=Cp1252, java.library.path=C:\Program Files\Java\jdk1.8.0_202\jre\bin;C:\Windows\Sun\Java\bin;C:\Windows\system32;C:\Windows;C:/Program Files/Java/jdk1.8.0_202/bin/../jre/bin/server;C:/Program Files/Java/jdk1.8.0_202/bin/../jre/bin;C:/Program Files/Java/jdk1.8.0_202/bin/../jre/lib/amd64;C:\Python310\Scripts\;C:\Python310\;C:\Windows\system32;C:\Windows;C:\Windows\System32\Wbem;C:\Windows\System32\WindowsPowerShell\v1.0\;C:\Windows\System32\OpenSSH\;C:\Program Files (x86)\Pulse Secure\VC142.CRT\X64\;C:\Program Files (x86)\Pulse Secure\VC142.CRT\X86\;D:\soft\apache-maven-3.8.3\bin;C:\Program Files\Git\cmd;C:\Program Files\Git\mingw64\bin;C:\Program Files\Git\usr\bin;C:\Program Files\Java\jdk1.8.0_202\bin;C:\Program Files\dotnet\;C:\Program Files (x86)\Intel\Intel(R) Management Engine Components\DAL;C:\Program Files\Intel\Intel(R) Management Engine Components\DAL;C:\Program Files\nodejs\;C:\ProgramData\chocolatey\bin;%LOCALAPPDATA%\Android\Sdk\platform-tools;C:\Program Files (x86)\Common Files\Pulse Secure\TNC Client Plugin\;C:\Users\sawan.k\AppData\Local\Programs\Python\Python38\Scripts\;C:\Users\sawan.k\AppData\Local\Programs\Python\Python38\;C:\Users\sawan.k\AppData\Local\Microsoft\WindowsApps;C:\Users\sawan.k\AppData\Roaming\npm;D:\soft\sts-bundle\sts-3.9.12.RELEASE;;., surefire.test.class.path=D:\ericsson\workspace\osm-camel-ws1\camel-beanio-lab1\target\test-classes;D:\ericsson\workspace\osm-camel-ws1\camel-beanio-lab1\target\classes;C:\Users\sawan.k\.m2\repository\org\apache\camel\camel-spring-boot-starter\2.20.1\camel-spring-boot-starter-2.20.1.jar;C:\Users\sawan.k\.m2\repository\org\springframework\boot\spring-boot-starter\1.5.9.RELEASE\spring-boot-starter-1.5.9.RELEASE.jar;C:\Users\sawan.k\.m2\repository\org\springframework\boot\spring-boot\1.5.9.RELEASE\spring-boot-1.5.9.RELEASE.jar;C:\Users\sawan.k\.m2\repository\org\springframework\boot\spring-boot-autoconfigure\1.5.9.RELEASE\spring-boot-autoconfigure-1.5.9.RELEASE.jar;C:\Users\sawan.k\.m2\repository\org\springframework\boot\spring-boot-starter-logging\1.5.9.RELEASE\spring-boot-starter-logging-1.5.9.RELEASE.jar;C:\Users\sawan.k\.m2\repository\ch\qos\logback\logback-classic\1.1.11\logback-classic-1.1.11.jar;C:\Users\sawan.k\.m2\repository\ch\qos\logback\logback-core\1.1.11\logback-core-1.1.11.jar;C:\Users\sawan.k\.m2\repository\org\slf4j\jcl-over-slf4j\1.7.25\jcl-over-slf4j-1.7.25.jar;C:\Users\sawan.k\.m2\repository\org\slf4j\jul-to-slf4j\1.7.25\jul-to-slf4j-1.7.25.jar;C:\Users\sawan.k\.m2\repository\org\slf4j\log4j-over-slf4j\1.7.25\log4j-over-slf4j-1.7.25.jar;C:\Users\sawan.k\.m2\repository\org\yaml\snakeyaml\1.17\snakeyaml-1.17.jar;C:\Users\sawan.k\.m2\repository\org\apache\camel\camel-spring-boot\2.20.1\camel-spring-boot-2.20.1.jar;C:\Users\sawan.k\.m2\repository\org\apache\camel\camel-spring\2.20.1\camel-spring-2.20.1.jar;C:\Users\sawan.k\.m2\repository\org\springframework\spring-tx\4.3.13.RELEASE\spring-tx-4.3.13.RELEASE.jar;C:\Users\sawan.k\.m2\repository\org\apache\camel\camel-core-starter\2.20.1\camel-core-starter-2.20.1.jar;C:\Users\sawan.k\.m2\repository\org\springframework\boot\spring-boot-starter-web\1.5.9.RELEASE\spring-boot-starter-web-1.5.9.RELEASE.jar;C:\Users\sawan.k\.m2\repository\org\springframework\boot\spring-boot-starter-tomcat\1.5.9.RELEASE\spring-boot-starter-tomcat-1.5.9.RELEASE.jar;C:\Users\sawan.k\.m2\repository\org\apache\tomcat\embed\tomcat-embed-core\8.5.23\tomcat-embed-core-8.5.23.jar;C:\Users\sawan.k\.m2\repository\org\apache\tomcat\tomcat-annotations-api\8.5.23\tomcat-annotations-api-8.5.23.jar;C:\Users\sawan.k\.m2\repository\org\apache\tomcat\embed\tomcat-embed-el\8.5.23\tomcat-embed-el-8.5.23.jar;C:\Users\sawan.k\.m2\repository\org\apache\tomcat\embed\tomcat-embed-websocket\8.5.23\tomcat-embed-websocket-8.5.23.jar;C:\Users\sawan.k\.m2\repository\org\hibernate\hibernate-validator\5.3.6.Final\hibernate-validator-5.3.6.Final.jar;C:\Users\sawan.k\.m2\repository\javax\validation\validation-api\1.1.0.Final\validation-api-1.1.0.Final.jar;C:\Users\sawan.k\.m2\repository\org\jboss\logging\jboss-logging\3.3.1.Final\jboss-logging-3.3.1.Final.jar;C:\Users\sawan.k\.m2\repository\com\fasterxml\classmate\1.3.4\classmate-1.3.4.jar;C:\Users\sawan.k\.m2\repository\com\fasterxml\jackson\core\jackson-databind\2.8.10\jackson-databind-2.8.10.jar;C:\Users\sawan.k\.m2\repository\com\fasterxml\jackson\core\jackson-annotations\2.8.0\jackson-annotations-2.8.0.jar;C:\Users\sawan.k\.m2\repository\com\fasterxml\jackson\core\jackson-core\2.8.10\jackson-core-2.8.10.jar;C:\Users\sawan.k\.m2\repository\org\springframework\spring-web\4.3.13.RELEASE\spring-web-4.3.13.RELEASE.jar;C:\Users\sawan.k\.m2\repository\org\springframework\spring-aop\4.3.13.RELEASE\spring-aop-4.3.13.RELEASE.jar;C:\Users\sawan.k\.m2\repository\org\springframework\spring-beans\4.3.13.RELEASE\spring-beans-4.3.13.RELEASE.jar;C:\Users\sawan.k\.m2\repository\org\springframework\spring-context\4.3.13.RELEASE\spring-context-4.3.13.RELEASE.jar;C:\Users\sawan.k\.m2\repository\org\springframework\spring-webmvc\4.3.13.RELEASE\spring-webmvc-4.3.13.RELEASE.jar;C:\Users\sawan.k\.m2\repository\org\springframework\spring-expression\4.3.13.RELEASE\spring-expression-4.3.13.RELEASE.jar;C:\Users\sawan.k\.m2\repository\org\springframework\boot\spring-boot-starter-test\1.5.9.RELEASE\spring-boot-starter-test-1.5.9.RELEASE.jar;C:\Users\sawan.k\.m2\repository\org\springframework\boot\spring-boot-test\1.5.9.RELEASE\spring-boot-test-1.5.9.RELEASE.jar;C:\Users\sawan.k\.m2\repository\org\springframework\boot\spring-boot-test-autoconfigure\1.5.9.RELEASE\spring-boot-test-autoconfigure-1.5.9.RELEASE.jar;C:\Users\sawan.k\.m2\repository\com\jayway\jsonpath\json-path\2.2.0\json-path-2.2.0.jar;C:\Users\sawan.k\.m2\repository\net\minidev\json-smart\2.2.1\json-smart-2.2.1.jar;C:\Users\sawan.k\.m2\repository\net\minidev\accessors-smart\1.1\accessors-smart-1.1.jar;C:\Users\sawan.k\.m2\repository\org\ow2\asm\asm\5.0.3\asm-5.0.3.jar;C:\Users\sawan.k\.m2\repository\org\slf4j\slf4j-api\1.7.25\slf4j-api-1.7.25.jar;C:\Users\sawan.k\.m2\repository\junit\junit\4.12\junit-4.12.jar;C:\Users\sawan.k\.m2\repository\org\assertj\assertj-core\2.6.0\assertj-core-2.6.0.jar;C:\Users\sawan.k\.m2\repository\org\mockito\mockito-core\1.10.19\mockito-core-1.10.19.jar;C:\Users\sawan.k\.m2\repository\org\objenesis\objenesis\2.1\objenesis-2.1.jar;C:\Users\sawan.k\.m2\repository\org\hamcrest\hamcrest-core\1.3\hamcrest-core-1.3.jar;C:\Users\sawan.k\.m2\repository\org\hamcrest\hamcrest-library\1.3\hamcrest-library-1.3.jar;C:\Users\sawan.k\.m2\repository\org\skyscreamer\jsonassert\1.4.0\jsonassert-1.4.0.jar;C:\Users\sawan.k\.m2\repository\com\vaadin\external\google\android-json\0.0.20131108.vaadin1\android-json-0.0.20131108.vaadin1.jar;C:\Users\sawan.k\.m2\repository\org\springframework\spring-core\4.3.13.RELEASE\spring-core-4.3.13.RELEASE.jar;C:\Users\sawan.k\.m2\repository\org\springframework\spring-test\4.3.13.RELEASE\spring-test-4.3.13.RELEASE.jar;C:\Users\sawan.k\.m2\repository\org\apache\camel\camel-stream\2.20.1\camel-stream-2.20.1.jar;C:\Users\sawan.k\.m2\repository\org\apache\camel\camel-core\2.20.1\camel-core-2.20.1.jar;C:\Users\sawan.k\.m2\repository\com\sun\xml\bind\jaxb-core\2.2.11\jaxb-core-2.2.11.jar;C:\Users\sawan.k\.m2\repository\com\sun\xml\bind\jaxb-impl\2.2.11\jaxb-impl-2.2.11.jar;C:\Users\sawan.k\.m2\repository\org\apache\camel\camel-beanio\2.20.1\camel-beanio-2.20.1.jar;C:\Users\sawan.k\.m2\repository\org\beanio\beanio\2.1.0\beanio-2.1.0.jar;C:\Users\sawan.k\.m2\repository\org\projectlombok\lombok\1.16.20\lombok-1.16.20.jar;, java.specification.name=Java Platform API Specification, java.class.version=52.0, sun.management.compiler=HotSpot 64-Bit Tiered Compilers, os.version=10.0, user.home=C:\Users\sawan.k, user.timezone=Asia/Calcutta, java.awt.printerjob=sun.awt.windows.WPrinterJob, file.encoding=Cp1252, java.specification.version=1.8, java.class.path=D:\ericsson\workspace\osm-camel-ws1\camel-beanio-lab1\target\test-classes;D:\ericsson\workspace\osm-camel-ws1\camel-beanio-lab1\target\classes;C:\Users\sawan.k\.m2\repository\org\apache\camel\camel-spring-boot-starter\2.20.1\camel-spring-boot-starter-2.20.1.jar;C:\Users\sawan.k\.m2\repository\org\springframework\boot\spring-boot-starter\1.5.9.RELEASE\spring-boot-starter-1.5.9.RELEASE.jar;C:\Users\sawan.k\.m2\repository\org\springframework\boot\spring-boot\1.5.9.RELEASE\spring-boot-1.5.9.RELEASE.jar;C:\Users\sawan.k\.m2\repository\org\springframework\boot\spring-boot-autoconfigure\1.5.9.RELEASE\spring-boot-autoconfigure-1.5.9.RELEASE.jar;C:\Users\sawan.k\.m2\repository\org\springframework\boot\spring-boot-starter-logging\1.5.9.RELEASE\spring-boot-starter-logging-1.5.9.RELEASE.jar;C:\Users\sawan.k\.m2\repository\ch\qos\logback\logback-classic\1.1.11\logback-classic-1.1.11.jar;C:\Users\sawan.k\.m2\repository\ch\qos\logback\logback-core\1.1.11\logback-core-1.1.11.jar;C:\Users\sawan.k\.m2\repository\org\slf4j\jcl-over-slf4j\1.7.25\jcl-over-slf4j-1.7.25.jar;C:\Users\sawan.k\.m2\repository\org\slf4j\jul-to-slf4j\1.7.25\jul-to-slf4j-1.7.25.jar;C:\Users\sawan.k\.m2\repository\org\slf4j\log4j-over-slf4j\1.7.25\log4j-over-slf4j-1.7.25.jar;C:\Users\sawan.k\.m2\repository\org\yaml\snakeyaml\1.17\snakeyaml-1.17.jar;C:\Users\sawan.k\.m2\repository\org\apache\camel\camel-spring-boot\2.20.1\camel-spring-boot-2.20.1.jar;C:\Users\sawan.k\.m2\repository\org\apache\camel\camel-spring\2.20.1\camel-spring-2.20.1.jar;C:\Users\sawan.k\.m2\repository\org\springframework\spring-tx\4.3.13.RELEASE\spring-tx-4.3.13.RELEASE.jar;C:\Users\sawan.k\.m2\repository\org\apache\camel\camel-core-starter\2.20.1\camel-core-starter-2.20.1.jar;C:\Users\sawan.k\.m2\repository\org\springframework\boot\spring-boot-starter-web\1.5.9.RELEASE\spring-boot-starter-web-1.5.9.RELEASE.jar;C:\Users\sawan.k\.m2\repository\org\springframework\boot\spring-boot-starter-tomcat\1.5.9.RELEASE\spring-boot-starter-tomcat-1.5.9.RELEASE.jar;C:\Users\sawan.k\.m2\repository\org\apache\tomcat\embed\tomcat-embed-core\8.5.23\tomcat-embed-core-8.5.23.jar;C:\Users\sawan.k\.m2\repository\org\apache\tomcat\tomcat-annotations-api\8.5.23\tomcat-annotations-api-8.5.23.jar;C:\Users\sawan.k\.m2\repository\org\apache\tomcat\embed\tomcat-embed-el\8.5.23\tomcat-embed-el-8.5.23.jar;C:\Users\sawan.k\.m2\repository\org\apache\tomcat\embed\tomcat-embed-websocket\8.5.23\tomcat-embed-websocket-8.5.23.jar;C:\Users\sawan.k\.m2\repository\org\hibernate\hibernate-validator\5.3.6.Final\hibernate-validator-5.3.6.Final.jar;C:\Users\sawan.k\.m2\repository\javax\validation\validation-api\1.1.0.Final\validation-api-1.1.0.Final.jar;C:\Users\sawan.k\.m2\repository\org\jboss\logging\jboss-logging\3.3.1.Final\jboss-logging-3.3.1.Final.jar;C:\Users\sawan.k\.m2\repository\com\fasterxml\classmate\1.3.4\classmate-1.3.4.jar;C:\Users\sawan.k\.m2\repository\com\fasterxml\jackson\core\jackson-databind\2.8.10\jackson-databind-2.8.10.jar;C:\Users\sawan.k\.m2\repository\com\fasterxml\jackson\core\jackson-annotations\2.8.0\jackson-annotations-2.8.0.jar;C:\Users\sawan.k\.m2\repository\com\fasterxml\jackson\core\jackson-core\2.8.10\jackson-core-2.8.10.jar;C:\Users\sawan.k\.m2\repository\org\springframework\spring-web\4.3.13.RELEASE\spring-web-4.3.13.RELEASE.jar;C:\Users\sawan.k\.m2\repository\org\springframework\spring-aop\4.3.13.RELEASE\spring-aop-4.3.13.RELEASE.jar;C:\Users\sawan.k\.m2\repository\org\springframework\spring-beans\4.3.13.RELEASE\spring-beans-4.3.13.RELEASE.jar;C:\Users\sawan.k\.m2\repository\org\springframework\spring-context\4.3.13.RELEASE\spring-context-4.3.13.RELEASE.jar;C:\Users\sawan.k\.m2\repository\org\springframework\spring-webmvc\4.3.13.RELEASE\spring-webmvc-4.3.13.RELEASE.jar;C:\Users\sawan.k\.m2\repository\org\springframework\spring-expression\4.3.13.RELEASE\spring-expression-4.3.13.RELEASE.jar;C:\Users\sawan.k\.m2\repository\org\springframework\boot\spring-boot-starter-test\1.5.9.RELEASE\spring-boot-starter-test-1.5.9.RELEASE.jar;C:\Users\sawan.k\.m2\repository\org\springframework\boot\spring-boot-test\1.5.9.RELEASE\spring-boot-test-1.5.9.RELEASE.jar;C:\Users\sawan.k\.m2\repository\org\springframework\boot\spring-boot-test-autoconfigure\1.5.9.RELEASE\spring-boot-test-autoconfigure-1.5.9.RELEASE.jar;C:\Users\sawan.k\.m2\repository\com\jayway\jsonpath\json-path\2.2.0\json-path-2.2.0.jar;C:\Users\sawan.k\.m2\repository\net\minidev\json-smart\2.2.1\json-smart-2.2.1.jar;C:\Users\sawan.k\.m2\repository\net\minidev\accessors-smart\1.1\accessors-smart-1.1.jar;C:\Users\sawan.k\.m2\repository\org\ow2\asm\asm\5.0.3\asm-5.0.3.jar;C:\Users\sawan.k\.m2\repository\org\slf4j\slf4j-api\1.7.25\slf4j-api-1.7.25.jar;C:\Users\sawan.k\.m2\repository\junit\junit\4.12\junit-4.12.jar;C:\Users\sawan.k\.m2\repository\org\assertj\assertj-core\2.6.0\assertj-core-2.6.0.jar;C:\Users\sawan.k\.m2\repository\org\mockito\mockito-core\1.10.19\mockito-core-1.10.19.jar;C:\Users\sawan.k\.m2\repository\org\objenesis\objenesis\2.1\objenesis-2.1.jar;C:\Users\sawan.k\.m2\repository\org\hamcrest\hamcrest-core\1.3\hamcrest-core-1.3.jar;C:\Users\sawan.k\.m2\repository\org\hamcrest\hamcrest-library\1.3\hamcrest-library-1.3.jar;C:\Users\sawan.k\.m2\repository\org\skyscreamer\jsonassert\1.4.0\jsonassert-1.4.0.jar;C:\Users\sawan.k\.m2\repository\com\vaadin\external\google\android-json\0.0.20131108.vaadin1\android-json-0.0.20131108.vaadin1.jar;C:\Users\sawan.k\.m2\repository\org\springframework\spring-core\4.3.13.RELEASE\spring-core-4.3.13.RELEASE.jar;C:\Users\sawan.k\.m2\repository\org\springframework\spring-test\4.3.13.RELEASE\spring-test-4.3.13.RELEASE.jar;C:\Users\sawan.k\.m2\repository\org\apache\camel\camel-stream\2.20.1\camel-stream-2.20.1.jar;C:\Users\sawan.k\.m2\repository\org\apache\camel\camel-core\2.20.1\camel-core-2.20.1.jar;C:\Users\sawan.k\.m2\repository\com\sun\xml\bind\jaxb-core\2.2.11\jaxb-core-2.2.11.jar;C:\Users\sawan.k\.m2\repository\com\sun\xml\bind\jaxb-impl\2.2.11\jaxb-impl-2.2.11.jar;C:\Users\sawan.k\.m2\repository\org\apache\camel\camel-beanio\2.20.1\camel-beanio-2.20.1.jar;C:\Users\sawan.k\.m2\repository\org\beanio\beanio\2.1.0\beanio-2.1.0.jar;C:\Users\sawan.k\.m2\repository\org\projectlombok\lombok\1.16.20\lombok-1.16.20.jar;, user.name=sawan.k, java.vm.specification.version=1.8, sun.java.command=D:\ericsson\workspace\osm-camel-ws1\camel-beanio-lab1\target\surefire\surefirebooter8813651710618716183.jar D:\ericsson\workspace\osm-camel-ws1\camel-beanio-lab1\target\surefire\surefire3397109547071487161tmp D:\ericsson\workspace\osm-camel-ws1\camel-beanio-lab1\target\surefire\surefire_09098782521830712649tmp, java.home=C:\Program Files\Java\jdk1.8.0_202\jre, sun.arch.data.model=64, user.language=en, java.specification.vendor=Oracle Corporation, awt.toolkit=sun.awt.windows.WToolkit, java.vm.info=mixed mode, java.version=1.8.0_202, java.ext.dirs=C:\Program Files\Java\jdk1.8.0_202\jre\lib\ext;C:\Windows\Sun\Java\lib\ext, sun.boot.class.path=C:\Program Files\Java\jdk1.8.0_202\jre\lib\resources.jar;C:\Program Files\Java\jdk1.8.0_202\jre\lib\rt.jar;C:\Program Files\Java\jdk1.8.0_202\jre\lib\sunrsasign.jar;C:\Program Files\Java\jdk1.8.0_202\jre\lib\jsse.jar;C:\Program Files\Java\jdk1.8.0_202\jre\lib\jce.jar;C:\Program Files\Java\jdk1.8.0_202\jre\lib\charsets.jar;C:\Program Files\Java\jdk1.8.0_202\jre\lib\jfr.jar;C:\Program Files\Java\jdk1.8.0_202\jre\classes, java.vendor=Oracle Corporation, localRepository=C:\Users\sawan.k\.m2\repository, style.color=always, file.separator=\, java.vendor.url.bug=http://bugreport.sun.com/bugreport/, sun.io.unicode.encoding=UnicodeLittle, sun.cpu.endian=little, sun.desktop=windows, sun.cpu.isalist=amd64}}, SystemEnvironmentPropertySource@1675763772 {name='systemEnvironment', properties={PATH=C:/Program Files/Java/jdk1.8.0_202/bin/../jre/bin/server;C:/Program Files/Java/jdk1.8.0_202/bin/../jre/bin;C:/Program Files/Java/jdk1.8.0_202/bin/../jre/lib/amd64;C:\Python310\Scripts\;C:\Python310\;C:\Windows\system32;C:\Windows;C:\Windows\System32\Wbem;C:\Windows\System32\WindowsPowerShell\v1.0\;C:\Windows\System32\OpenSSH\;C:\Program Files (x86)\Pulse Secure\VC142.CRT\X64\;C:\Program Files (x86)\Pulse Secure\VC142.CRT\X86\;D:\soft\apache-maven-3.8.3\bin;C:\Program Files\Git\cmd;C:\Program Files\Git\mingw64\bin;C:\Program Files\Git\usr\bin;C:\Program Files\Java\jdk1.8.0_202\bin;C:\Program Files\dotnet\;C:\Program Files (x86)\Intel\Intel(R) Management Engine Components\DAL;C:\Program Files\Intel\Intel(R) Management Engine Components\DAL;C:\Program Files\nodejs\;C:\ProgramData\chocolatey\bin;%LOCALAPPDATA%\Android\Sdk\platform-tools;C:\Program Files (x86)\Common Files\Pulse Secure\TNC Client Plugin\;C:\Users\sawan.k\AppData\Local\Programs\Python\Python38\Scripts\;C:\Users\sawan.k\AppData\Local\Programs\Python\Python38\;C:\Users\sawan.k\AppData\Local\Microsoft\WindowsApps;C:\Users\sawan.k\AppData\Roaming\npm;D:\soft\sts-bundle\sts-3.9.12.RELEASE;, USERDOMAIN_ROAMINGPROFILE=ACL, PROCESSOR_LEVEL=6, SYSTEMDRIVE=C:, SESSIONNAME=Console, ALLUSERSPROFILE=C:\ProgramData, PROCESSOR_ARCHITECTURE=AMD64, ANDROID_HOME=C:\Users\sawan.k\AppData\Local\Android\Sdk, DRIVERDATA=C:\Windows\System32\Drivers\DriverData, MAVEN_HOME=D:\soft\apache-maven-3.8.3, PROGRAMFILES=C:\Program Files, __PSLOCKDOWNPOLICY=0, PSMODULEPATH=C:\Program Files\WindowsPowerShell\Modules;C:\Windows\system32\WindowsPowerShell\v1.0\Modules, PROGRAMDATA=C:\ProgramData, CHOCOLATEYLASTPATHUPDATE=133039056468695069, USERNAME=sawan.k, USERDNSDOMAIN=ACL.LOCAL, FPS_BROWSER_USER_PROFILE_STRING=Default, ONEDRIVE=C:\Users\sawan.k\OneDrive, PATHEXT=.COM;.EXE;.BAT;.CMD;.VBS;.VBE;.JS;.JSE;.WSF;.WSH;.MSC;.PY;.PYW, WINDIR=C:\Windows, HOMEPATH=\Users\sawan.k, ESET_OPTIONS=                                                                                                                                                                                                                                                                                                                                                                                                                                                                                                                               , PROCESSOR_IDENTIFIER=Intel64 Family 6 Model 158 Stepping 9, GenuineIntel, PUBLIC=C:\Users\Public, =::=::\, ZES_ENABLE_SYSMAN=1, LOCALAPPDATA=C:\Users\sawan.k\AppData\Local, COMMONPROGRAMFILES(X86)=C:\Program Files (x86)\Common Files, USERDOMAIN=ACL, FPS_BROWSER_APP_PROFILE_STRING=Internet Explorer, LOGONSERVER=\\DC02, JAVA_HOME=C:\Program Files\Java\jdk1.8.0_202, PROMPT=$P$G, PROGRAMFILES(X86)=C:\Program Files (x86), =C:=C:\, APPDATA=C:\Users\sawan.k\AppData\Roaming, PROGRAMW6432=C:\Program Files, SYSTEMROOT=C:\Windows, CHOCOLATEYINSTALL=C:\ProgramData\chocolatey, VBOX_MSI_INSTALL_PATH=C:\Program Files\Oracle\VirtualBox\, OS=Windows_NT, COMMONPROGRAMW6432=C:\Program Files\Common Files, COMPUTERNAME=ACLBLRFC818, COMMONPROGRAMFILES=C:\Program Files\Common Files, COMSPEC=C:\Windows\system32\cmd.exe, PROCESSOR_REVISION=9e09, =D:=D:\ericsson\workspace\osm-camel-ws1\camel-beanio-lab1, TEMP=C:\Users\sawan.k\AppData\Local\Temp, HOMEDRIVE=C:, USERPROFILE=C:\Users\sawan.k, TMP=C:\Users\sawan.k\AppData\Local\Temp, NUMBER_OF_PROCESSORS=4}}]
06:57:17.198 [main] DEBUG org.springframework.core.io.support.PathMatchingResourcePatternResolver - Resolved classpath location [com/learncamel/] to resources [URL [file:/D:/ericsson/workspace/osm-camel-ws1/camel-beanio-lab1/target/test-classes/com/learncamel/], URL [file:/D:/ericsson/workspace/osm-camel-ws1/camel-beanio-lab1/target/classes/com/learncamel/]]
06:57:17.198 [main] DEBUG org.springframework.core.io.support.PathMatchingResourcePatternResolver - Looking for matching resources in directory tree [D:\ericsson\workspace\osm-camel-ws1\camel-beanio-lab1\target\test-classes\com\learncamel]
06:57:17.199 [main] DEBUG org.springframework.core.io.support.PathMatchingResourcePatternResolver - Searching directory [D:\ericsson\workspace\osm-camel-ws1\camel-beanio-lab1\target\test-classes\com\learncamel] for files matching pattern [D:/ericsson/workspace/osm-camel-ws1/camel-beanio-lab1/target/test-classes/com/learncamel/*.class]
06:57:17.208 [main] DEBUG org.springframework.core.io.support.PathMatchingResourcePatternResolver - Looking for matching resources in directory tree [D:\ericsson\workspace\osm-camel-ws1\camel-beanio-lab1\target\classes\com\learncamel]
06:57:17.208 [main] DEBUG org.springframework.core.io.support.PathMatchingResourcePatternResolver - Searching directory [D:\ericsson\workspace\osm-camel-ws1\camel-beanio-lab1\target\classes\com\learncamel] for files matching pattern [D:/ericsson/workspace/osm-camel-ws1/camel-beanio-lab1/target/classes/com/learncamel/*.class]
06:57:17.216 [main] DEBUG org.springframework.core.io.support.PathMatchingResourcePatternResolver - Resolved location pattern [classpath*:com/learncamel/*.class] to resources [file [D:\ericsson\workspace\osm-camel-ws1\camel-beanio-lab1\target\test-classes\com\learncamel\LearncamelSpringBootSpringBootApplicationTests.class], file [D:\ericsson\workspace\osm-camel-ws1\camel-beanio-lab1\target\classes\com\learncamel\LearncamelSpringBootApplication.class]]
06:57:17.326 [main] DEBUG org.springframework.context.annotation.ClassPathScanningCandidateComponentProvider - Identified candidate component class: file [D:\ericsson\workspace\osm-camel-ws1\camel-beanio-lab1\target\classes\com\learncamel\LearncamelSpringBootApplication.class]
06:57:17.327 [main] INFO org.springframework.boot.test.context.SpringBootTestContextBootstrapper - Found @SpringBootConfiguration com.learncamel.LearncamelSpringBootApplication for test class com.learncamel.LearncamelSpringBootSpringBootApplicationTests
06:57:17.333 [main] DEBUG org.springframework.boot.test.context.SpringBootTestContextBootstrapper - @TestExecutionListeners is not present for class [com.learncamel.LearncamelSpringBootSpringBootApplicationTests]: using defaults.
06:57:17.338 [main] INFO org.springframework.boot.test.context.SpringBootTestContextBootstrapper - Loaded default TestExecutionListener class names from location [META-INF/spring.factories]: [org.springframework.boot.test.mock.mockito.MockitoTestExecutionListener, org.springframework.boot.test.mock.mockito.ResetMocksTestExecutionListener, org.springframework.boot.test.autoconfigure.restdocs.RestDocsTestExecutionListener, org.springframework.boot.test.autoconfigure.web.client.MockRestServiceServerResetTestExecutionListener, org.springframework.boot.test.autoconfigure.web.servlet.MockMvcPrintOnlyOnFailureTestExecutionListener, org.springframework.boot.test.autoconfigure.web.servlet.WebDriverTestExecutionListener, org.springframework.test.context.web.ServletTestExecutionListener, org.springframework.test.context.support.DirtiesContextBeforeModesTestExecutionListener, org.springframework.test.context.support.DependencyInjectionTestExecutionListener, org.springframework.test.context.support.DirtiesContextTestExecutionListener, org.springframework.test.context.transaction.TransactionalTestExecutionListener, org.springframework.test.context.jdbc.SqlScriptsTestExecutionListener]
06:57:17.361 [main] INFO org.springframework.boot.test.context.SpringBootTestContextBootstrapper - Using TestExecutionListeners: [org.springframework.test.context.web.ServletTestExecutionListener@1cab0bfb, org.springframework.test.context.support.DirtiesContextBeforeModesTestExecutionListener@5e955596, org.springframework.boot.test.autoconfigure.SpringBootDependencyInjectionTestExecutionListener@50de0926, org.springframework.test.context.support.DirtiesContextTestExecutionListener@2473b9ce, org.springframework.test.context.transaction.TransactionalTestExecutionListener@60438a68, org.springframework.test.context.jdbc.SqlScriptsTestExecutionListener@140e5a13, org.springframework.boot.test.autoconfigure.web.client.MockRestServiceServerResetTestExecutionListener@3439f68d, org.springframework.boot.test.autoconfigure.restdocs.RestDocsTestExecutionListener@dbd940d, org.springframework.boot.test.autoconfigure.web.servlet.MockMvcPrintOnlyOnFailureTestExecutionListener@71d15f18, org.springframework.boot.test.mock.mockito.ResetMocksTestExecutionListener@17695df3, org.springframework.boot.test.mock.mockito.MockitoTestExecutionListener@6c9f5c0d, org.springframework.boot.test.autoconfigure.web.servlet.WebDriverTestExecutionListener@de3a06f]
06:57:17.363 [main] DEBUG org.springframework.test.annotation.ProfileValueUtils - Retrieved @ProfileValueSourceConfiguration [null] for test class [com.learncamel.LearncamelSpringBootSpringBootApplicationTests]
06:57:17.364 [main] DEBUG org.springframework.test.annotation.ProfileValueUtils - Retrieved ProfileValueSource type [class org.springframework.test.annotation.SystemProfileValueSource] for class [com.learncamel.LearncamelSpringBootSpringBootApplicationTests]
06:57:17.366 [main] DEBUG org.springframework.test.context.junit4.SpringJUnit4ClassRunner - SpringJUnit4ClassRunner constructor called with [class com.learncamel.LearncamelSpringBootSpringBootApplicationTests]
06:57:17.366 [main] DEBUG org.springframework.test.context.BootstrapUtils - Instantiating CacheAwareContextLoaderDelegate from class [org.springframework.test.context.cache.DefaultCacheAwareContextLoaderDelegate]
06:57:17.366 [main] DEBUG org.springframework.test.context.BootstrapUtils - Instantiating BootstrapContext using constructor [public org.springframework.test.context.support.DefaultBootstrapContext(java.lang.Class,org.springframework.test.context.CacheAwareContextLoaderDelegate)]
06:57:17.366 [main] DEBUG org.springframework.test.context.BootstrapUtils - Instantiating TestContextBootstrapper for test class [com.learncamel.LearncamelSpringBootSpringBootApplicationTests] from class [org.springframework.boot.test.context.SpringBootTestContextBootstrapper]
06:57:17.367 [main] INFO org.springframework.boot.test.context.SpringBootTestContextBootstrapper - Neither @ContextConfiguration nor @ContextHierarchy found for test class [com.learncamel.LearncamelSpringBootSpringBootApplicationTests], using SpringBootContextLoader
06:57:17.367 [main] DEBUG org.springframework.test.context.support.AbstractContextLoader - Did not detect default resource location for test class [com.learncamel.LearncamelSpringBootSpringBootApplicationTests]: class path resource [com/learncamel/LearncamelSpringBootSpringBootApplicationTests-context.xml] does not exist
06:57:17.368 [main] DEBUG org.springframework.test.context.support.AbstractContextLoader - Did not detect default resource location for test class [com.learncamel.LearncamelSpringBootSpringBootApplicationTests]: class path resource [com/learncamel/LearncamelSpringBootSpringBootApplicationTestsContext.groovy] does not exist
06:57:17.368 [main] INFO org.springframework.test.context.support.AbstractContextLoader - Could not detect default resource locations for test class [com.learncamel.LearncamelSpringBootSpringBootApplicationTests]: no resource found for suffixes {-context.xml, Context.groovy}.
06:57:17.369 [main] INFO org.springframework.test.context.support.AnnotationConfigContextLoaderUtils - Could not detect default configuration classes for test class [com.learncamel.LearncamelSpringBootSpringBootApplicationTests]: LearncamelSpringBootSpringBootApplicationTests does not declare any static, non-private, non-final, nested classes annotated with @Configuration.
06:57:17.373 [main] DEBUG org.springframework.test.context.support.ActiveProfilesUtils - Could not find an 'annotation declaring class' for annotation type [org.springframework.test.context.ActiveProfiles] and class [com.learncamel.LearncamelSpringBootSpringBootApplicationTests]
06:57:17.373 [main] DEBUG org.springframework.core.env.StandardEnvironment - Adding PropertySource 'systemProperties' with lowest search precedence
06:57:17.373 [main] DEBUG org.springframework.core.env.StandardEnvironment - Adding PropertySource 'systemEnvironment' with lowest search precedence
06:57:17.374 [main] DEBUG org.springframework.core.env.StandardEnvironment - Initialized StandardEnvironment with PropertySources [MapPropertySource@733672688 {name='systemProperties', properties={java.runtime.name=Java(TM) SE Runtime Environment, sun.boot.library.path=C:\Program Files\Java\jdk1.8.0_202\jre\bin, java.vm.version=25.202-b08, java.vm.vendor=Oracle Corporation, java.vendor.url=http://java.oracle.com/, path.separator=;, java.vm.name=Java HotSpot(TM) 64-Bit Server VM, file.encoding.pkg=sun.io, user.country=IN, user.script=, sun.java.launcher=SUN_STANDARD, sun.os.patch.level=, java.vm.specification.name=Java Virtual Machine Specification, user.dir=D:\ericsson\workspace\osm-camel-ws1\camel-beanio-lab1, java.runtime.version=1.8.0_202-b08, basedir=D:\ericsson\workspace\osm-camel-ws1\camel-beanio-lab1, java.awt.graphicsenv=sun.awt.Win32GraphicsEnvironment, java.endorsed.dirs=C:\Program Files\Java\jdk1.8.0_202\jre\lib\endorsed, os.arch=amd64, surefire.real.class.path=D:\ericsson\workspace\osm-camel-ws1\camel-beanio-lab1\target\surefire\surefirebooter8813651710618716183.jar, java.io.tmpdir=C:\Users\sawan.k\AppData\Local\Temp\, line.separator=
, java.vm.specification.vendor=Oracle Corporation, user.variant=, os.name=Windows 10, sun.jnu.encoding=Cp1252, java.library.path=C:\Program Files\Java\jdk1.8.0_202\jre\bin;C:\Windows\Sun\Java\bin;C:\Windows\system32;C:\Windows;C:/Program Files/Java/jdk1.8.0_202/bin/../jre/bin/server;C:/Program Files/Java/jdk1.8.0_202/bin/../jre/bin;C:/Program Files/Java/jdk1.8.0_202/bin/../jre/lib/amd64;C:\Python310\Scripts\;C:\Python310\;C:\Windows\system32;C:\Windows;C:\Windows\System32\Wbem;C:\Windows\System32\WindowsPowerShell\v1.0\;C:\Windows\System32\OpenSSH\;C:\Program Files (x86)\Pulse Secure\VC142.CRT\X64\;C:\Program Files (x86)\Pulse Secure\VC142.CRT\X86\;D:\soft\apache-maven-3.8.3\bin;C:\Program Files\Git\cmd;C:\Program Files\Git\mingw64\bin;C:\Program Files\Git\usr\bin;C:\Program Files\Java\jdk1.8.0_202\bin;C:\Program Files\dotnet\;C:\Program Files (x86)\Intel\Intel(R) Management Engine Components\DAL;C:\Program Files\Intel\Intel(R) Management Engine Components\DAL;C:\Program Files\nodejs\;C:\ProgramData\chocolatey\bin;%LOCALAPPDATA%\Android\Sdk\platform-tools;C:\Program Files (x86)\Common Files\Pulse Secure\TNC Client Plugin\;C:\Users\sawan.k\AppData\Local\Programs\Python\Python38\Scripts\;C:\Users\sawan.k\AppData\Local\Programs\Python\Python38\;C:\Users\sawan.k\AppData\Local\Microsoft\WindowsApps;C:\Users\sawan.k\AppData\Roaming\npm;D:\soft\sts-bundle\sts-3.9.12.RELEASE;;., surefire.test.class.path=D:\ericsson\workspace\osm-camel-ws1\camel-beanio-lab1\target\test-classes;D:\ericsson\workspace\osm-camel-ws1\camel-beanio-lab1\target\classes;C:\Users\sawan.k\.m2\repository\org\apache\camel\camel-spring-boot-starter\2.20.1\camel-spring-boot-starter-2.20.1.jar;C:\Users\sawan.k\.m2\repository\org\springframework\boot\spring-boot-starter\1.5.9.RELEASE\spring-boot-starter-1.5.9.RELEASE.jar;C:\Users\sawan.k\.m2\repository\org\springframework\boot\spring-boot\1.5.9.RELEASE\spring-boot-1.5.9.RELEASE.jar;C:\Users\sawan.k\.m2\repository\org\springframework\boot\spring-boot-autoconfigure\1.5.9.RELEASE\spring-boot-autoconfigure-1.5.9.RELEASE.jar;C:\Users\sawan.k\.m2\repository\org\springframework\boot\spring-boot-starter-logging\1.5.9.RELEASE\spring-boot-starter-logging-1.5.9.RELEASE.jar;C:\Users\sawan.k\.m2\repository\ch\qos\logback\logback-classic\1.1.11\logback-classic-1.1.11.jar;C:\Users\sawan.k\.m2\repository\ch\qos\logback\logback-core\1.1.11\logback-core-1.1.11.jar;C:\Users\sawan.k\.m2\repository\org\slf4j\jcl-over-slf4j\1.7.25\jcl-over-slf4j-1.7.25.jar;C:\Users\sawan.k\.m2\repository\org\slf4j\jul-to-slf4j\1.7.25\jul-to-slf4j-1.7.25.jar;C:\Users\sawan.k\.m2\repository\org\slf4j\log4j-over-slf4j\1.7.25\log4j-over-slf4j-1.7.25.jar;C:\Users\sawan.k\.m2\repository\org\yaml\snakeyaml\1.17\snakeyaml-1.17.jar;C:\Users\sawan.k\.m2\repository\org\apache\camel\camel-spring-boot\2.20.1\camel-spring-boot-2.20.1.jar;C:\Users\sawan.k\.m2\repository\org\apache\camel\camel-spring\2.20.1\camel-spring-2.20.1.jar;C:\Users\sawan.k\.m2\repository\org\springframework\spring-tx\4.3.13.RELEASE\spring-tx-4.3.13.RELEASE.jar;C:\Users\sawan.k\.m2\repository\org\apache\camel\camel-core-starter\2.20.1\camel-core-starter-2.20.1.jar;C:\Users\sawan.k\.m2\repository\org\springframework\boot\spring-boot-starter-web\1.5.9.RELEASE\spring-boot-starter-web-1.5.9.RELEASE.jar;C:\Users\sawan.k\.m2\repository\org\springframework\boot\spring-boot-starter-tomcat\1.5.9.RELEASE\spring-boot-starter-tomcat-1.5.9.RELEASE.jar;C:\Users\sawan.k\.m2\repository\org\apache\tomcat\embed\tomcat-embed-core\8.5.23\tomcat-embed-core-8.5.23.jar;C:\Users\sawan.k\.m2\repository\org\apache\tomcat\tomcat-annotations-api\8.5.23\tomcat-annotations-api-8.5.23.jar;C:\Users\sawan.k\.m2\repository\org\apache\tomcat\embed\tomcat-embed-el\8.5.23\tomcat-embed-el-8.5.23.jar;C:\Users\sawan.k\.m2\repository\org\apache\tomcat\embed\tomcat-embed-websocket\8.5.23\tomcat-embed-websocket-8.5.23.jar;C:\Users\sawan.k\.m2\repository\org\hibernate\hibernate-validator\5.3.6.Final\hibernate-validator-5.3.6.Final.jar;C:\Users\sawan.k\.m2\repository\javax\validation\validation-api\1.1.0.Final\validation-api-1.1.0.Final.jar;C:\Users\sawan.k\.m2\repository\org\jboss\logging\jboss-logging\3.3.1.Final\jboss-logging-3.3.1.Final.jar;C:\Users\sawan.k\.m2\repository\com\fasterxml\classmate\1.3.4\classmate-1.3.4.jar;C:\Users\sawan.k\.m2\repository\com\fasterxml\jackson\core\jackson-databind\2.8.10\jackson-databind-2.8.10.jar;C:\Users\sawan.k\.m2\repository\com\fasterxml\jackson\core\jackson-annotations\2.8.0\jackson-annotations-2.8.0.jar;C:\Users\sawan.k\.m2\repository\com\fasterxml\jackson\core\jackson-core\2.8.10\jackson-core-2.8.10.jar;C:\Users\sawan.k\.m2\repository\org\springframework\spring-web\4.3.13.RELEASE\spring-web-4.3.13.RELEASE.jar;C:\Users\sawan.k\.m2\repository\org\springframework\spring-aop\4.3.13.RELEASE\spring-aop-4.3.13.RELEASE.jar;C:\Users\sawan.k\.m2\repository\org\springframework\spring-beans\4.3.13.RELEASE\spring-beans-4.3.13.RELEASE.jar;C:\Users\sawan.k\.m2\repository\org\springframework\spring-context\4.3.13.RELEASE\spring-context-4.3.13.RELEASE.jar;C:\Users\sawan.k\.m2\repository\org\springframework\spring-webmvc\4.3.13.RELEASE\spring-webmvc-4.3.13.RELEASE.jar;C:\Users\sawan.k\.m2\repository\org\springframework\spring-expression\4.3.13.RELEASE\spring-expression-4.3.13.RELEASE.jar;C:\Users\sawan.k\.m2\repository\org\springframework\boot\spring-boot-starter-test\1.5.9.RELEASE\spring-boot-starter-test-1.5.9.RELEASE.jar;C:\Users\sawan.k\.m2\repository\org\springframework\boot\spring-boot-test\1.5.9.RELEASE\spring-boot-test-1.5.9.RELEASE.jar;C:\Users\sawan.k\.m2\repository\org\springframework\boot\spring-boot-test-autoconfigure\1.5.9.RELEASE\spring-boot-test-autoconfigure-1.5.9.RELEASE.jar;C:\Users\sawan.k\.m2\repository\com\jayway\jsonpath\json-path\2.2.0\json-path-2.2.0.jar;C:\Users\sawan.k\.m2\repository\net\minidev\json-smart\2.2.1\json-smart-2.2.1.jar;C:\Users\sawan.k\.m2\repository\net\minidev\accessors-smart\1.1\accessors-smart-1.1.jar;C:\Users\sawan.k\.m2\repository\org\ow2\asm\asm\5.0.3\asm-5.0.3.jar;C:\Users\sawan.k\.m2\repository\org\slf4j\slf4j-api\1.7.25\slf4j-api-1.7.25.jar;C:\Users\sawan.k\.m2\repository\junit\junit\4.12\junit-4.12.jar;C:\Users\sawan.k\.m2\repository\org\assertj\assertj-core\2.6.0\assertj-core-2.6.0.jar;C:\Users\sawan.k\.m2\repository\org\mockito\mockito-core\1.10.19\mockito-core-1.10.19.jar;C:\Users\sawan.k\.m2\repository\org\objenesis\objenesis\2.1\objenesis-2.1.jar;C:\Users\sawan.k\.m2\repository\org\hamcrest\hamcrest-core\1.3\hamcrest-core-1.3.jar;C:\Users\sawan.k\.m2\repository\org\hamcrest\hamcrest-library\1.3\hamcrest-library-1.3.jar;C:\Users\sawan.k\.m2\repository\org\skyscreamer\jsonassert\1.4.0\jsonassert-1.4.0.jar;C:\Users\sawan.k\.m2\repository\com\vaadin\external\google\android-json\0.0.20131108.vaadin1\android-json-0.0.20131108.vaadin1.jar;C:\Users\sawan.k\.m2\repository\org\springframework\spring-core\4.3.13.RELEASE\spring-core-4.3.13.RELEASE.jar;C:\Users\sawan.k\.m2\repository\org\springframework\spring-test\4.3.13.RELEASE\spring-test-4.3.13.RELEASE.jar;C:\Users\sawan.k\.m2\repository\org\apache\camel\camel-stream\2.20.1\camel-stream-2.20.1.jar;C:\Users\sawan.k\.m2\repository\org\apache\camel\camel-core\2.20.1\camel-core-2.20.1.jar;C:\Users\sawan.k\.m2\repository\com\sun\xml\bind\jaxb-core\2.2.11\jaxb-core-2.2.11.jar;C:\Users\sawan.k\.m2\repository\com\sun\xml\bind\jaxb-impl\2.2.11\jaxb-impl-2.2.11.jar;C:\Users\sawan.k\.m2\repository\org\apache\camel\camel-beanio\2.20.1\camel-beanio-2.20.1.jar;C:\Users\sawan.k\.m2\repository\org\beanio\beanio\2.1.0\beanio-2.1.0.jar;C:\Users\sawan.k\.m2\repository\org\projectlombok\lombok\1.16.20\lombok-1.16.20.jar;, java.specification.name=Java Platform API Specification, java.class.version=52.0, sun.management.compiler=HotSpot 64-Bit Tiered Compilers, os.version=10.0, user.home=C:\Users\sawan.k, user.timezone=Asia/Calcutta, java.awt.printerjob=sun.awt.windows.WPrinterJob, file.encoding=Cp1252, java.specification.version=1.8, java.class.path=D:\ericsson\workspace\osm-camel-ws1\camel-beanio-lab1\target\test-classes;D:\ericsson\workspace\osm-camel-ws1\camel-beanio-lab1\target\classes;C:\Users\sawan.k\.m2\repository\org\apache\camel\camel-spring-boot-starter\2.20.1\camel-spring-boot-starter-2.20.1.jar;C:\Users\sawan.k\.m2\repository\org\springframework\boot\spring-boot-starter\1.5.9.RELEASE\spring-boot-starter-1.5.9.RELEASE.jar;C:\Users\sawan.k\.m2\repository\org\springframework\boot\spring-boot\1.5.9.RELEASE\spring-boot-1.5.9.RELEASE.jar;C:\Users\sawan.k\.m2\repository\org\springframework\boot\spring-boot-autoconfigure\1.5.9.RELEASE\spring-boot-autoconfigure-1.5.9.RELEASE.jar;C:\Users\sawan.k\.m2\repository\org\springframework\boot\spring-boot-starter-logging\1.5.9.RELEASE\spring-boot-starter-logging-1.5.9.RELEASE.jar;C:\Users\sawan.k\.m2\repository\ch\qos\logback\logback-classic\1.1.11\logback-classic-1.1.11.jar;C:\Users\sawan.k\.m2\repository\ch\qos\logback\logback-core\1.1.11\logback-core-1.1.11.jar;C:\Users\sawan.k\.m2\repository\org\slf4j\jcl-over-slf4j\1.7.25\jcl-over-slf4j-1.7.25.jar;C:\Users\sawan.k\.m2\repository\org\slf4j\jul-to-slf4j\1.7.25\jul-to-slf4j-1.7.25.jar;C:\Users\sawan.k\.m2\repository\org\slf4j\log4j-over-slf4j\1.7.25\log4j-over-slf4j-1.7.25.jar;C:\Users\sawan.k\.m2\repository\org\yaml\snakeyaml\1.17\snakeyaml-1.17.jar;C:\Users\sawan.k\.m2\repository\org\apache\camel\camel-spring-boot\2.20.1\camel-spring-boot-2.20.1.jar;C:\Users\sawan.k\.m2\repository\org\apache\camel\camel-spring\2.20.1\camel-spring-2.20.1.jar;C:\Users\sawan.k\.m2\repository\org\springframework\spring-tx\4.3.13.RELEASE\spring-tx-4.3.13.RELEASE.jar;C:\Users\sawan.k\.m2\repository\org\apache\camel\camel-core-starter\2.20.1\camel-core-starter-2.20.1.jar;C:\Users\sawan.k\.m2\repository\org\springframework\boot\spring-boot-starter-web\1.5.9.RELEASE\spring-boot-starter-web-1.5.9.RELEASE.jar;C:\Users\sawan.k\.m2\repository\org\springframework\boot\spring-boot-starter-tomcat\1.5.9.RELEASE\spring-boot-starter-tomcat-1.5.9.RELEASE.jar;C:\Users\sawan.k\.m2\repository\org\apache\tomcat\embed\tomcat-embed-core\8.5.23\tomcat-embed-core-8.5.23.jar;C:\Users\sawan.k\.m2\repository\org\apache\tomcat\tomcat-annotations-api\8.5.23\tomcat-annotations-api-8.5.23.jar;C:\Users\sawan.k\.m2\repository\org\apache\tomcat\embed\tomcat-embed-el\8.5.23\tomcat-embed-el-8.5.23.jar;C:\Users\sawan.k\.m2\repository\org\apache\tomcat\embed\tomcat-embed-websocket\8.5.23\tomcat-embed-websocket-8.5.23.jar;C:\Users\sawan.k\.m2\repository\org\hibernate\hibernate-validator\5.3.6.Final\hibernate-validator-5.3.6.Final.jar;C:\Users\sawan.k\.m2\repository\javax\validation\validation-api\1.1.0.Final\validation-api-1.1.0.Final.jar;C:\Users\sawan.k\.m2\repository\org\jboss\logging\jboss-logging\3.3.1.Final\jboss-logging-3.3.1.Final.jar;C:\Users\sawan.k\.m2\repository\com\fasterxml\classmate\1.3.4\classmate-1.3.4.jar;C:\Users\sawan.k\.m2\repository\com\fasterxml\jackson\core\jackson-databind\2.8.10\jackson-databind-2.8.10.jar;C:\Users\sawan.k\.m2\repository\com\fasterxml\jackson\core\jackson-annotations\2.8.0\jackson-annotations-2.8.0.jar;C:\Users\sawan.k\.m2\repository\com\fasterxml\jackson\core\jackson-core\2.8.10\jackson-core-2.8.10.jar;C:\Users\sawan.k\.m2\repository\org\springframework\spring-web\4.3.13.RELEASE\spring-web-4.3.13.RELEASE.jar;C:\Users\sawan.k\.m2\repository\org\springframework\spring-aop\4.3.13.RELEASE\spring-aop-4.3.13.RELEASE.jar;C:\Users\sawan.k\.m2\repository\org\springframework\spring-beans\4.3.13.RELEASE\spring-beans-4.3.13.RELEASE.jar;C:\Users\sawan.k\.m2\repository\org\springframework\spring-context\4.3.13.RELEASE\spring-context-4.3.13.RELEASE.jar;C:\Users\sawan.k\.m2\repository\org\springframework\spring-webmvc\4.3.13.RELEASE\spring-webmvc-4.3.13.RELEASE.jar;C:\Users\sawan.k\.m2\repository\org\springframework\spring-expression\4.3.13.RELEASE\spring-expression-4.3.13.RELEASE.jar;C:\Users\sawan.k\.m2\repository\org\springframework\boot\spring-boot-starter-test\1.5.9.RELEASE\spring-boot-starter-test-1.5.9.RELEASE.jar;C:\Users\sawan.k\.m2\repository\org\springframework\boot\spring-boot-test\1.5.9.RELEASE\spring-boot-test-1.5.9.RELEASE.jar;C:\Users\sawan.k\.m2\repository\org\springframework\boot\spring-boot-test-autoconfigure\1.5.9.RELEASE\spring-boot-test-autoconfigure-1.5.9.RELEASE.jar;C:\Users\sawan.k\.m2\repository\com\jayway\jsonpath\json-path\2.2.0\json-path-2.2.0.jar;C:\Users\sawan.k\.m2\repository\net\minidev\json-smart\2.2.1\json-smart-2.2.1.jar;C:\Users\sawan.k\.m2\repository\net\minidev\accessors-smart\1.1\accessors-smart-1.1.jar;C:\Users\sawan.k\.m2\repository\org\ow2\asm\asm\5.0.3\asm-5.0.3.jar;C:\Users\sawan.k\.m2\repository\org\slf4j\slf4j-api\1.7.25\slf4j-api-1.7.25.jar;C:\Users\sawan.k\.m2\repository\junit\junit\4.12\junit-4.12.jar;C:\Users\sawan.k\.m2\repository\org\assertj\assertj-core\2.6.0\assertj-core-2.6.0.jar;C:\Users\sawan.k\.m2\repository\org\mockito\mockito-core\1.10.19\mockito-core-1.10.19.jar;C:\Users\sawan.k\.m2\repository\org\objenesis\objenesis\2.1\objenesis-2.1.jar;C:\Users\sawan.k\.m2\repository\org\hamcrest\hamcrest-core\1.3\hamcrest-core-1.3.jar;C:\Users\sawan.k\.m2\repository\org\hamcrest\hamcrest-library\1.3\hamcrest-library-1.3.jar;C:\Users\sawan.k\.m2\repository\org\skyscreamer\jsonassert\1.4.0\jsonassert-1.4.0.jar;C:\Users\sawan.k\.m2\repository\com\vaadin\external\google\android-json\0.0.20131108.vaadin1\android-json-0.0.20131108.vaadin1.jar;C:\Users\sawan.k\.m2\repository\org\springframework\spring-core\4.3.13.RELEASE\spring-core-4.3.13.RELEASE.jar;C:\Users\sawan.k\.m2\repository\org\springframework\spring-test\4.3.13.RELEASE\spring-test-4.3.13.RELEASE.jar;C:\Users\sawan.k\.m2\repository\org\apache\camel\camel-stream\2.20.1\camel-stream-2.20.1.jar;C:\Users\sawan.k\.m2\repository\org\apache\camel\camel-core\2.20.1\camel-core-2.20.1.jar;C:\Users\sawan.k\.m2\repository\com\sun\xml\bind\jaxb-core\2.2.11\jaxb-core-2.2.11.jar;C:\Users\sawan.k\.m2\repository\com\sun\xml\bind\jaxb-impl\2.2.11\jaxb-impl-2.2.11.jar;C:\Users\sawan.k\.m2\repository\org\apache\camel\camel-beanio\2.20.1\camel-beanio-2.20.1.jar;C:\Users\sawan.k\.m2\repository\org\beanio\beanio\2.1.0\beanio-2.1.0.jar;C:\Users\sawan.k\.m2\repository\org\projectlombok\lombok\1.16.20\lombok-1.16.20.jar;, user.name=sawan.k, java.vm.specification.version=1.8, sun.java.command=D:\ericsson\workspace\osm-camel-ws1\camel-beanio-lab1\target\surefire\surefirebooter8813651710618716183.jar D:\ericsson\workspace\osm-camel-ws1\camel-beanio-lab1\target\surefire\surefire3397109547071487161tmp D:\ericsson\workspace\osm-camel-ws1\camel-beanio-lab1\target\surefire\surefire_09098782521830712649tmp, java.home=C:\Program Files\Java\jdk1.8.0_202\jre, sun.arch.data.model=64, user.language=en, java.specification.vendor=Oracle Corporation, awt.toolkit=sun.awt.windows.WToolkit, java.vm.info=mixed mode, java.version=1.8.0_202, java.ext.dirs=C:\Program Files\Java\jdk1.8.0_202\jre\lib\ext;C:\Windows\Sun\Java\lib\ext, sun.boot.class.path=C:\Program Files\Java\jdk1.8.0_202\jre\lib\resources.jar;C:\Program Files\Java\jdk1.8.0_202\jre\lib\rt.jar;C:\Program Files\Java\jdk1.8.0_202\jre\lib\sunrsasign.jar;C:\Program Files\Java\jdk1.8.0_202\jre\lib\jsse.jar;C:\Program Files\Java\jdk1.8.0_202\jre\lib\jce.jar;C:\Program Files\Java\jdk1.8.0_202\jre\lib\charsets.jar;C:\Program Files\Java\jdk1.8.0_202\jre\lib\jfr.jar;C:\Program Files\Java\jdk1.8.0_202\jre\classes, java.vendor=Oracle Corporation, localRepository=C:\Users\sawan.k\.m2\repository, style.color=always, file.separator=\, java.vendor.url.bug=http://bugreport.sun.com/bugreport/, sun.io.unicode.encoding=UnicodeLittle, sun.cpu.endian=little, sun.desktop=windows, sun.cpu.isalist=amd64}}, SystemEnvironmentPropertySource@297927961 {name='systemEnvironment', properties={PATH=C:/Program Files/Java/jdk1.8.0_202/bin/../jre/bin/server;C:/Program Files/Java/jdk1.8.0_202/bin/../jre/bin;C:/Program Files/Java/jdk1.8.0_202/bin/../jre/lib/amd64;C:\Python310\Scripts\;C:\Python310\;C:\Windows\system32;C:\Windows;C:\Windows\System32\Wbem;C:\Windows\System32\WindowsPowerShell\v1.0\;C:\Windows\System32\OpenSSH\;C:\Program Files (x86)\Pulse Secure\VC142.CRT\X64\;C:\Program Files (x86)\Pulse Secure\VC142.CRT\X86\;D:\soft\apache-maven-3.8.3\bin;C:\Program Files\Git\cmd;C:\Program Files\Git\mingw64\bin;C:\Program Files\Git\usr\bin;C:\Program Files\Java\jdk1.8.0_202\bin;C:\Program Files\dotnet\;C:\Program Files (x86)\Intel\Intel(R) Management Engine Components\DAL;C:\Program Files\Intel\Intel(R) Management Engine Components\DAL;C:\Program Files\nodejs\;C:\ProgramData\chocolatey\bin;%LOCALAPPDATA%\Android\Sdk\platform-tools;C:\Program Files (x86)\Common Files\Pulse Secure\TNC Client Plugin\;C:\Users\sawan.k\AppData\Local\Programs\Python\Python38\Scripts\;C:\Users\sawan.k\AppData\Local\Programs\Python\Python38\;C:\Users\sawan.k\AppData\Local\Microsoft\WindowsApps;C:\Users\sawan.k\AppData\Roaming\npm;D:\soft\sts-bundle\sts-3.9.12.RELEASE;, USERDOMAIN_ROAMINGPROFILE=ACL, PROCESSOR_LEVEL=6, SYSTEMDRIVE=C:, SESSIONNAME=Console, ALLUSERSPROFILE=C:\ProgramData, PROCESSOR_ARCHITECTURE=AMD64, ANDROID_HOME=C:\Users\sawan.k\AppData\Local\Android\Sdk, DRIVERDATA=C:\Windows\System32\Drivers\DriverData, MAVEN_HOME=D:\soft\apache-maven-3.8.3, PROGRAMFILES=C:\Program Files, __PSLOCKDOWNPOLICY=0, PSMODULEPATH=C:\Program Files\WindowsPowerShell\Modules;C:\Windows\system32\WindowsPowerShell\v1.0\Modules, PROGRAMDATA=C:\ProgramData, CHOCOLATEYLASTPATHUPDATE=133039056468695069, USERNAME=sawan.k, USERDNSDOMAIN=ACL.LOCAL, FPS_BROWSER_USER_PROFILE_STRING=Default, ONEDRIVE=C:\Users\sawan.k\OneDrive, PATHEXT=.COM;.EXE;.BAT;.CMD;.VBS;.VBE;.JS;.JSE;.WSF;.WSH;.MSC;.PY;.PYW, WINDIR=C:\Windows, HOMEPATH=\Users\sawan.k, ESET_OPTIONS=                                                                                                                                                                                                                                                                                                                                                                                                                                                                                                                               , PROCESSOR_IDENTIFIER=Intel64 Family 6 Model 158 Stepping 9, GenuineIntel, PUBLIC=C:\Users\Public, =::=::\, ZES_ENABLE_SYSMAN=1, LOCALAPPDATA=C:\Users\sawan.k\AppData\Local, COMMONPROGRAMFILES(X86)=C:\Program Files (x86)\Common Files, USERDOMAIN=ACL, FPS_BROWSER_APP_PROFILE_STRING=Internet Explorer, LOGONSERVER=\\DC02, JAVA_HOME=C:\Program Files\Java\jdk1.8.0_202, PROMPT=$P$G, PROGRAMFILES(X86)=C:\Program Files (x86), =C:=C:\, APPDATA=C:\Users\sawan.k\AppData\Roaming, PROGRAMW6432=C:\Program Files, SYSTEMROOT=C:\Windows, CHOCOLATEYINSTALL=C:\ProgramData\chocolatey, VBOX_MSI_INSTALL_PATH=C:\Program Files\Oracle\VirtualBox\, OS=Windows_NT, COMMONPROGRAMW6432=C:\Program Files\Common Files, COMPUTERNAME=ACLBLRFC818, COMMONPROGRAMFILES=C:\Program Files\Common Files, COMSPEC=C:\Windows\system32\cmd.exe, PROCESSOR_REVISION=9e09, =D:=D:\ericsson\workspace\osm-camel-ws1\camel-beanio-lab1, TEMP=C:\Users\sawan.k\AppData\Local\Temp, HOMEDRIVE=C:, USERPROFILE=C:\Users\sawan.k, TMP=C:\Users\sawan.k\AppData\Local\Temp, NUMBER_OF_PROCESSORS=4}}]
06:57:17.375 [main] INFO org.springframework.boot.test.context.SpringBootTestContextBootstrapper - Found @SpringBootConfiguration com.learncamel.LearncamelSpringBootApplication for test class com.learncamel.LearncamelSpringBootSpringBootApplicationTests
06:57:17.377 [main] DEBUG org.springframework.boot.test.context.SpringBootTestContextBootstrapper - @TestExecutionListeners is not present for class [com.learncamel.LearncamelSpringBootSpringBootApplicationTests]: using defaults.
06:57:17.382 [main] INFO org.springframework.boot.test.context.SpringBootTestContextBootstrapper - Loaded default TestExecutionListener class names from location [META-INF/spring.factories]: [org.springframework.boot.test.mock.mockito.MockitoTestExecutionListener, org.springframework.boot.test.mock.mockito.ResetMocksTestExecutionListener, org.springframework.boot.test.autoconfigure.restdocs.RestDocsTestExecutionListener, org.springframework.boot.test.autoconfigure.web.client.MockRestServiceServerResetTestExecutionListener, org.springframework.boot.test.autoconfigure.web.servlet.MockMvcPrintOnlyOnFailureTestExecutionListener, org.springframework.boot.test.autoconfigure.web.servlet.WebDriverTestExecutionListener, org.springframework.test.context.web.ServletTestExecutionListener, org.springframework.test.context.support.DirtiesContextBeforeModesTestExecutionListener, org.springframework.test.context.support.DependencyInjectionTestExecutionListener, org.springframework.test.context.support.DirtiesContextTestExecutionListener, org.springframework.test.context.transaction.TransactionalTestExecutionListener, org.springframework.test.context.jdbc.SqlScriptsTestExecutionListener]
06:57:17.385 [main] INFO org.springframework.boot.test.context.SpringBootTestContextBootstrapper - Using TestExecutionListeners: [org.springframework.test.context.web.ServletTestExecutionListener@49070868, org.springframework.test.context.support.DirtiesContextBeforeModesTestExecutionListener@6385cb26, org.springframework.boot.test.autoconfigure.SpringBootDependencyInjectionTestExecutionListener@38364841, org.springframework.test.context.support.DirtiesContextTestExecutionListener@28c4711c, org.springframework.test.context.transaction.TransactionalTestExecutionListener@59717824, org.springframework.test.context.jdbc.SqlScriptsTestExecutionListener@146044d7, org.springframework.boot.test.autoconfigure.web.client.MockRestServiceServerResetTestExecutionListener@1e9e725a, org.springframework.boot.test.autoconfigure.restdocs.RestDocsTestExecutionListener@15d9bc04, org.springframework.boot.test.autoconfigure.web.servlet.MockMvcPrintOnlyOnFailureTestExecutionListener@473b46c3, org.springframework.boot.test.mock.mockito.ResetMocksTestExecutionListener@516be40f, org.springframework.boot.test.mock.mockito.MockitoTestExecutionListener@3c0a50da, org.springframework.boot.test.autoconfigure.web.servlet.WebDriverTestExecutionListener@646be2c3]
06:57:17.385 [main] DEBUG org.springframework.test.annotation.ProfileValueUtils - Retrieved @ProfileValueSourceConfiguration [null] for test class [com.learncamel.LearncamelSpringBootSpringBootApplicationTests]
06:57:17.385 [main] DEBUG org.springframework.test.annotation.ProfileValueUtils - Retrieved ProfileValueSource type [class org.springframework.test.annotation.SystemProfileValueSource] for class [com.learncamel.LearncamelSpringBootSpringBootApplicationTests]
06:57:17.385 [main] DEBUG org.springframework.test.annotation.ProfileValueUtils - Retrieved @ProfileValueSourceConfiguration [null] for test class [com.learncamel.LearncamelSpringBootSpringBootApplicationTests]
06:57:17.385 [main] DEBUG org.springframework.test.annotation.ProfileValueUtils - Retrieved ProfileValueSource type [class org.springframework.test.annotation.SystemProfileValueSource] for class [com.learncamel.LearncamelSpringBootSpringBootApplicationTests]
06:57:17.389 [main] DEBUG org.springframework.test.context.support.AbstractDirtiesContextTestExecutionListener - Before test class: context [DefaultTestContext@525b461a testClass = LearncamelSpringBootSpringBootApplicationTests, testInstance = [null], testMethod = [null], testException = [null], mergedContextConfiguration = [WebMergedContextConfiguration@58c1c010 testClass = LearncamelSpringBootSpringBootApplicationTests, locations = '{}', classes = '{class com.learncamel.LearncamelSpringBootApplication}', contextInitializerClasses = '[]', activeProfiles = '{}', propertySourceLocations = '{}', propertySourceProperties = '{org.springframework.boot.test.context.SpringBootTestContextBootstrapper=true}', contextCustomizers = set[org.springframework.boot.test.context.SpringBootTestContextCustomizer@20322d26, org.springframework.boot.test.context.filter.ExcludeFilterContextCustomizer@64bf3bbf, org.springframework.boot.test.json.DuplicateJsonObjectContextCustomizerFactory$DuplicateJsonObjectContextCustomizer@dc24521, org.springframework.boot.test.mock.mockito.MockitoContextCustomizer@0, org.springframework.boot.test.autoconfigure.properties.PropertyMappingContextCustomizer@0, org.springframework.boot.test.autoconfigure.web.servlet.WebDriverContextCustomizerFactory$Customizer@6c3708b3], resourceBasePath = 'src/main/webapp', contextLoader = 'org.springframework.boot.test.context.SpringBootContextLoader', parent = [null]]], class annotated with @DirtiesContext [false] with mode [null].
06:57:17.390 [main] DEBUG org.springframework.test.annotation.ProfileValueUtils - Retrieved @ProfileValueSourceConfiguration [null] for test class [com.learncamel.LearncamelSpringBootSpringBootApplicationTests]
06:57:17.390 [main] DEBUG org.springframework.test.annotation.ProfileValueUtils - Retrieved ProfileValueSource type [class org.springframework.test.annotation.SystemProfileValueSource] for class [com.learncamel.LearncamelSpringBootSpringBootApplicationTests]
06:57:17.457 [main] DEBUG org.springframework.core.env.StandardEnvironment - Adding PropertySource 'systemProperties' with lowest search precedence
06:57:17.457 [main] DEBUG org.springframework.core.env.StandardEnvironment - Adding PropertySource 'systemEnvironment' with lowest search precedence
06:57:17.458 [main] DEBUG org.springframework.core.env.StandardEnvironment - Initialized StandardEnvironment with PropertySources [MapPropertySource@2130772866 {name='systemProperties', properties={java.runtime.name=Java(TM) SE Runtime Environment, sun.boot.library.path=C:\Program Files\Java\jdk1.8.0_202\jre\bin, java.vm.version=25.202-b08, java.vm.vendor=Oracle Corporation, java.vendor.url=http://java.oracle.com/, path.separator=;, java.vm.name=Java HotSpot(TM) 64-Bit Server VM, file.encoding.pkg=sun.io, user.country=IN, user.script=, sun.java.launcher=SUN_STANDARD, sun.os.patch.level=, java.vm.specification.name=Java Virtual Machine Specification, user.dir=D:\ericsson\workspace\osm-camel-ws1\camel-beanio-lab1, java.runtime.version=1.8.0_202-b08, basedir=D:\ericsson\workspace\osm-camel-ws1\camel-beanio-lab1, java.awt.graphicsenv=sun.awt.Win32GraphicsEnvironment, java.endorsed.dirs=C:\Program Files\Java\jdk1.8.0_202\jre\lib\endorsed, os.arch=amd64, surefire.real.class.path=D:\ericsson\workspace\osm-camel-ws1\camel-beanio-lab1\target\surefire\surefirebooter8813651710618716183.jar, java.io.tmpdir=C:\Users\sawan.k\AppData\Local\Temp\, line.separator=
, java.vm.specification.vendor=Oracle Corporation, user.variant=, os.name=Windows 10, sun.jnu.encoding=Cp1252, java.library.path=C:\Program Files\Java\jdk1.8.0_202\jre\bin;C:\Windows\Sun\Java\bin;C:\Windows\system32;C:\Windows;C:/Program Files/Java/jdk1.8.0_202/bin/../jre/bin/server;C:/Program Files/Java/jdk1.8.0_202/bin/../jre/bin;C:/Program Files/Java/jdk1.8.0_202/bin/../jre/lib/amd64;C:\Python310\Scripts\;C:\Python310\;C:\Windows\system32;C:\Windows;C:\Windows\System32\Wbem;C:\Windows\System32\WindowsPowerShell\v1.0\;C:\Windows\System32\OpenSSH\;C:\Program Files (x86)\Pulse Secure\VC142.CRT\X64\;C:\Program Files (x86)\Pulse Secure\VC142.CRT\X86\;D:\soft\apache-maven-3.8.3\bin;C:\Program Files\Git\cmd;C:\Program Files\Git\mingw64\bin;C:\Program Files\Git\usr\bin;C:\Program Files\Java\jdk1.8.0_202\bin;C:\Program Files\dotnet\;C:\Program Files (x86)\Intel\Intel(R) Management Engine Components\DAL;C:\Program Files\Intel\Intel(R) Management Engine Components\DAL;C:\Program Files\nodejs\;C:\ProgramData\chocolatey\bin;%LOCALAPPDATA%\Android\Sdk\platform-tools;C:\Program Files (x86)\Common Files\Pulse Secure\TNC Client Plugin\;C:\Users\sawan.k\AppData\Local\Programs\Python\Python38\Scripts\;C:\Users\sawan.k\AppData\Local\Programs\Python\Python38\;C:\Users\sawan.k\AppData\Local\Microsoft\WindowsApps;C:\Users\sawan.k\AppData\Roaming\npm;D:\soft\sts-bundle\sts-3.9.12.RELEASE;;., surefire.test.class.path=D:\ericsson\workspace\osm-camel-ws1\camel-beanio-lab1\target\test-classes;D:\ericsson\workspace\osm-camel-ws1\camel-beanio-lab1\target\classes;C:\Users\sawan.k\.m2\repository\org\apache\camel\camel-spring-boot-starter\2.20.1\camel-spring-boot-starter-2.20.1.jar;C:\Users\sawan.k\.m2\repository\org\springframework\boot\spring-boot-starter\1.5.9.RELEASE\spring-boot-starter-1.5.9.RELEASE.jar;C:\Users\sawan.k\.m2\repository\org\springframework\boot\spring-boot\1.5.9.RELEASE\spring-boot-1.5.9.RELEASE.jar;C:\Users\sawan.k\.m2\repository\org\springframework\boot\spring-boot-autoconfigure\1.5.9.RELEASE\spring-boot-autoconfigure-1.5.9.RELEASE.jar;C:\Users\sawan.k\.m2\repository\org\springframework\boot\spring-boot-starter-logging\1.5.9.RELEASE\spring-boot-starter-logging-1.5.9.RELEASE.jar;C:\Users\sawan.k\.m2\repository\ch\qos\logback\logback-classic\1.1.11\logback-classic-1.1.11.jar;C:\Users\sawan.k\.m2\repository\ch\qos\logback\logback-core\1.1.11\logback-core-1.1.11.jar;C:\Users\sawan.k\.m2\repository\org\slf4j\jcl-over-slf4j\1.7.25\jcl-over-slf4j-1.7.25.jar;C:\Users\sawan.k\.m2\repository\org\slf4j\jul-to-slf4j\1.7.25\jul-to-slf4j-1.7.25.jar;C:\Users\sawan.k\.m2\repository\org\slf4j\log4j-over-slf4j\1.7.25\log4j-over-slf4j-1.7.25.jar;C:\Users\sawan.k\.m2\repository\org\yaml\snakeyaml\1.17\snakeyaml-1.17.jar;C:\Users\sawan.k\.m2\repository\org\apache\camel\camel-spring-boot\2.20.1\camel-spring-boot-2.20.1.jar;C:\Users\sawan.k\.m2\repository\org\apache\camel\camel-spring\2.20.1\camel-spring-2.20.1.jar;C:\Users\sawan.k\.m2\repository\org\springframework\spring-tx\4.3.13.RELEASE\spring-tx-4.3.13.RELEASE.jar;C:\Users\sawan.k\.m2\repository\org\apache\camel\camel-core-starter\2.20.1\camel-core-starter-2.20.1.jar;C:\Users\sawan.k\.m2\repository\org\springframework\boot\spring-boot-starter-web\1.5.9.RELEASE\spring-boot-starter-web-1.5.9.RELEASE.jar;C:\Users\sawan.k\.m2\repository\org\springframework\boot\spring-boot-starter-tomcat\1.5.9.RELEASE\spring-boot-starter-tomcat-1.5.9.RELEASE.jar;C:\Users\sawan.k\.m2\repository\org\apache\tomcat\embed\tomcat-embed-core\8.5.23\tomcat-embed-core-8.5.23.jar;C:\Users\sawan.k\.m2\repository\org\apache\tomcat\tomcat-annotations-api\8.5.23\tomcat-annotations-api-8.5.23.jar;C:\Users\sawan.k\.m2\repository\org\apache\tomcat\embed\tomcat-embed-el\8.5.23\tomcat-embed-el-8.5.23.jar;C:\Users\sawan.k\.m2\repository\org\apache\tomcat\embed\tomcat-embed-websocket\8.5.23\tomcat-embed-websocket-8.5.23.jar;C:\Users\sawan.k\.m2\repository\org\hibernate\hibernate-validator\5.3.6.Final\hibernate-validator-5.3.6.Final.jar;C:\Users\sawan.k\.m2\repository\javax\validation\validation-api\1.1.0.Final\validation-api-1.1.0.Final.jar;C:\Users\sawan.k\.m2\repository\org\jboss\logging\jboss-logging\3.3.1.Final\jboss-logging-3.3.1.Final.jar;C:\Users\sawan.k\.m2\repository\com\fasterxml\classmate\1.3.4\classmate-1.3.4.jar;C:\Users\sawan.k\.m2\repository\com\fasterxml\jackson\core\jackson-databind\2.8.10\jackson-databind-2.8.10.jar;C:\Users\sawan.k\.m2\repository\com\fasterxml\jackson\core\jackson-annotations\2.8.0\jackson-annotations-2.8.0.jar;C:\Users\sawan.k\.m2\repository\com\fasterxml\jackson\core\jackson-core\2.8.10\jackson-core-2.8.10.jar;C:\Users\sawan.k\.m2\repository\org\springframework\spring-web\4.3.13.RELEASE\spring-web-4.3.13.RELEASE.jar;C:\Users\sawan.k\.m2\repository\org\springframework\spring-aop\4.3.13.RELEASE\spring-aop-4.3.13.RELEASE.jar;C:\Users\sawan.k\.m2\repository\org\springframework\spring-beans\4.3.13.RELEASE\spring-beans-4.3.13.RELEASE.jar;C:\Users\sawan.k\.m2\repository\org\springframework\spring-context\4.3.13.RELEASE\spring-context-4.3.13.RELEASE.jar;C:\Users\sawan.k\.m2\repository\org\springframework\spring-webmvc\4.3.13.RELEASE\spring-webmvc-4.3.13.RELEASE.jar;C:\Users\sawan.k\.m2\repository\org\springframework\spring-expression\4.3.13.RELEASE\spring-expression-4.3.13.RELEASE.jar;C:\Users\sawan.k\.m2\repository\org\springframework\boot\spring-boot-starter-test\1.5.9.RELEASE\spring-boot-starter-test-1.5.9.RELEASE.jar;C:\Users\sawan.k\.m2\repository\org\springframework\boot\spring-boot-test\1.5.9.RELEASE\spring-boot-test-1.5.9.RELEASE.jar;C:\Users\sawan.k\.m2\repository\org\springframework\boot\spring-boot-test-autoconfigure\1.5.9.RELEASE\spring-boot-test-autoconfigure-1.5.9.RELEASE.jar;C:\Users\sawan.k\.m2\repository\com\jayway\jsonpath\json-path\2.2.0\json-path-2.2.0.jar;C:\Users\sawan.k\.m2\repository\net\minidev\json-smart\2.2.1\json-smart-2.2.1.jar;C:\Users\sawan.k\.m2\repository\net\minidev\accessors-smart\1.1\accessors-smart-1.1.jar;C:\Users\sawan.k\.m2\repository\org\ow2\asm\asm\5.0.3\asm-5.0.3.jar;C:\Users\sawan.k\.m2\repository\org\slf4j\slf4j-api\1.7.25\slf4j-api-1.7.25.jar;C:\Users\sawan.k\.m2\repository\junit\junit\4.12\junit-4.12.jar;C:\Users\sawan.k\.m2\repository\org\assertj\assertj-core\2.6.0\assertj-core-2.6.0.jar;C:\Users\sawan.k\.m2\repository\org\mockito\mockito-core\1.10.19\mockito-core-1.10.19.jar;C:\Users\sawan.k\.m2\repository\org\objenesis\objenesis\2.1\objenesis-2.1.jar;C:\Users\sawan.k\.m2\repository\org\hamcrest\hamcrest-core\1.3\hamcrest-core-1.3.jar;C:\Users\sawan.k\.m2\repository\org\hamcrest\hamcrest-library\1.3\hamcrest-library-1.3.jar;C:\Users\sawan.k\.m2\repository\org\skyscreamer\jsonassert\1.4.0\jsonassert-1.4.0.jar;C:\Users\sawan.k\.m2\repository\com\vaadin\external\google\android-json\0.0.20131108.vaadin1\android-json-0.0.20131108.vaadin1.jar;C:\Users\sawan.k\.m2\repository\org\springframework\spring-core\4.3.13.RELEASE\spring-core-4.3.13.RELEASE.jar;C:\Users\sawan.k\.m2\repository\org\springframework\spring-test\4.3.13.RELEASE\spring-test-4.3.13.RELEASE.jar;C:\Users\sawan.k\.m2\repository\org\apache\camel\camel-stream\2.20.1\camel-stream-2.20.1.jar;C:\Users\sawan.k\.m2\repository\org\apache\camel\camel-core\2.20.1\camel-core-2.20.1.jar;C:\Users\sawan.k\.m2\repository\com\sun\xml\bind\jaxb-core\2.2.11\jaxb-core-2.2.11.jar;C:\Users\sawan.k\.m2\repository\com\sun\xml\bind\jaxb-impl\2.2.11\jaxb-impl-2.2.11.jar;C:\Users\sawan.k\.m2\repository\org\apache\camel\camel-beanio\2.20.1\camel-beanio-2.20.1.jar;C:\Users\sawan.k\.m2\repository\org\beanio\beanio\2.1.0\beanio-2.1.0.jar;C:\Users\sawan.k\.m2\repository\org\projectlombok\lombok\1.16.20\lombok-1.16.20.jar;, java.specification.name=Java Platform API Specification, java.class.version=52.0, sun.management.compiler=HotSpot 64-Bit Tiered Compilers, os.version=10.0, user.home=C:\Users\sawan.k, user.timezone=Asia/Calcutta, java.awt.printerjob=sun.awt.windows.WPrinterJob, file.encoding=Cp1252, java.specification.version=1.8, java.class.path=D:\ericsson\workspace\osm-camel-ws1\camel-beanio-lab1\target\test-classes;D:\ericsson\workspace\osm-camel-ws1\camel-beanio-lab1\target\classes;C:\Users\sawan.k\.m2\repository\org\apache\camel\camel-spring-boot-starter\2.20.1\camel-spring-boot-starter-2.20.1.jar;C:\Users\sawan.k\.m2\repository\org\springframework\boot\spring-boot-starter\1.5.9.RELEASE\spring-boot-starter-1.5.9.RELEASE.jar;C:\Users\sawan.k\.m2\repository\org\springframework\boot\spring-boot\1.5.9.RELEASE\spring-boot-1.5.9.RELEASE.jar;C:\Users\sawan.k\.m2\repository\org\springframework\boot\spring-boot-autoconfigure\1.5.9.RELEASE\spring-boot-autoconfigure-1.5.9.RELEASE.jar;C:\Users\sawan.k\.m2\repository\org\springframework\boot\spring-boot-starter-logging\1.5.9.RELEASE\spring-boot-starter-logging-1.5.9.RELEASE.jar;C:\Users\sawan.k\.m2\repository\ch\qos\logback\logback-classic\1.1.11\logback-classic-1.1.11.jar;C:\Users\sawan.k\.m2\repository\ch\qos\logback\logback-core\1.1.11\logback-core-1.1.11.jar;C:\Users\sawan.k\.m2\repository\org\slf4j\jcl-over-slf4j\1.7.25\jcl-over-slf4j-1.7.25.jar;C:\Users\sawan.k\.m2\repository\org\slf4j\jul-to-slf4j\1.7.25\jul-to-slf4j-1.7.25.jar;C:\Users\sawan.k\.m2\repository\org\slf4j\log4j-over-slf4j\1.7.25\log4j-over-slf4j-1.7.25.jar;C:\Users\sawan.k\.m2\repository\org\yaml\snakeyaml\1.17\snakeyaml-1.17.jar;C:\Users\sawan.k\.m2\repository\org\apache\camel\camel-spring-boot\2.20.1\camel-spring-boot-2.20.1.jar;C:\Users\sawan.k\.m2\repository\org\apache\camel\camel-spring\2.20.1\camel-spring-2.20.1.jar;C:\Users\sawan.k\.m2\repository\org\springframework\spring-tx\4.3.13.RELEASE\spring-tx-4.3.13.RELEASE.jar;C:\Users\sawan.k\.m2\repository\org\apache\camel\camel-core-starter\2.20.1\camel-core-starter-2.20.1.jar;C:\Users\sawan.k\.m2\repository\org\springframework\boot\spring-boot-starter-web\1.5.9.RELEASE\spring-boot-starter-web-1.5.9.RELEASE.jar;C:\Users\sawan.k\.m2\repository\org\springframework\boot\spring-boot-starter-tomcat\1.5.9.RELEASE\spring-boot-starter-tomcat-1.5.9.RELEASE.jar;C:\Users\sawan.k\.m2\repository\org\apache\tomcat\embed\tomcat-embed-core\8.5.23\tomcat-embed-core-8.5.23.jar;C:\Users\sawan.k\.m2\repository\org\apache\tomcat\tomcat-annotations-api\8.5.23\tomcat-annotations-api-8.5.23.jar;C:\Users\sawan.k\.m2\repository\org\apache\tomcat\embed\tomcat-embed-el\8.5.23\tomcat-embed-el-8.5.23.jar;C:\Users\sawan.k\.m2\repository\org\apache\tomcat\embed\tomcat-embed-websocket\8.5.23\tomcat-embed-websocket-8.5.23.jar;C:\Users\sawan.k\.m2\repository\org\hibernate\hibernate-validator\5.3.6.Final\hibernate-validator-5.3.6.Final.jar;C:\Users\sawan.k\.m2\repository\javax\validation\validation-api\1.1.0.Final\validation-api-1.1.0.Final.jar;C:\Users\sawan.k\.m2\repository\org\jboss\logging\jboss-logging\3.3.1.Final\jboss-logging-3.3.1.Final.jar;C:\Users\sawan.k\.m2\repository\com\fasterxml\classmate\1.3.4\classmate-1.3.4.jar;C:\Users\sawan.k\.m2\repository\com\fasterxml\jackson\core\jackson-databind\2.8.10\jackson-databind-2.8.10.jar;C:\Users\sawan.k\.m2\repository\com\fasterxml\jackson\core\jackson-annotations\2.8.0\jackson-annotations-2.8.0.jar;C:\Users\sawan.k\.m2\repository\com\fasterxml\jackson\core\jackson-core\2.8.10\jackson-core-2.8.10.jar;C:\Users\sawan.k\.m2\repository\org\springframework\spring-web\4.3.13.RELEASE\spring-web-4.3.13.RELEASE.jar;C:\Users\sawan.k\.m2\repository\org\springframework\spring-aop\4.3.13.RELEASE\spring-aop-4.3.13.RELEASE.jar;C:\Users\sawan.k\.m2\repository\org\springframework\spring-beans\4.3.13.RELEASE\spring-beans-4.3.13.RELEASE.jar;C:\Users\sawan.k\.m2\repository\org\springframework\spring-context\4.3.13.RELEASE\spring-context-4.3.13.RELEASE.jar;C:\Users\sawan.k\.m2\repository\org\springframework\spring-webmvc\4.3.13.RELEASE\spring-webmvc-4.3.13.RELEASE.jar;C:\Users\sawan.k\.m2\repository\org\springframework\spring-expression\4.3.13.RELEASE\spring-expression-4.3.13.RELEASE.jar;C:\Users\sawan.k\.m2\repository\org\springframework\boot\spring-boot-starter-test\1.5.9.RELEASE\spring-boot-starter-test-1.5.9.RELEASE.jar;C:\Users\sawan.k\.m2\repository\org\springframework\boot\spring-boot-test\1.5.9.RELEASE\spring-boot-test-1.5.9.RELEASE.jar;C:\Users\sawan.k\.m2\repository\org\springframework\boot\spring-boot-test-autoconfigure\1.5.9.RELEASE\spring-boot-test-autoconfigure-1.5.9.RELEASE.jar;C:\Users\sawan.k\.m2\repository\com\jayway\jsonpath\json-path\2.2.0\json-path-2.2.0.jar;C:\Users\sawan.k\.m2\repository\net\minidev\json-smart\2.2.1\json-smart-2.2.1.jar;C:\Users\sawan.k\.m2\repository\net\minidev\accessors-smart\1.1\accessors-smart-1.1.jar;C:\Users\sawan.k\.m2\repository\org\ow2\asm\asm\5.0.3\asm-5.0.3.jar;C:\Users\sawan.k\.m2\repository\org\slf4j\slf4j-api\1.7.25\slf4j-api-1.7.25.jar;C:\Users\sawan.k\.m2\repository\junit\junit\4.12\junit-4.12.jar;C:\Users\sawan.k\.m2\repository\org\assertj\assertj-core\2.6.0\assertj-core-2.6.0.jar;C:\Users\sawan.k\.m2\repository\org\mockito\mockito-core\1.10.19\mockito-core-1.10.19.jar;C:\Users\sawan.k\.m2\repository\org\objenesis\objenesis\2.1\objenesis-2.1.jar;C:\Users\sawan.k\.m2\repository\org\hamcrest\hamcrest-core\1.3\hamcrest-core-1.3.jar;C:\Users\sawan.k\.m2\repository\org\hamcrest\hamcrest-library\1.3\hamcrest-library-1.3.jar;C:\Users\sawan.k\.m2\repository\org\skyscreamer\jsonassert\1.4.0\jsonassert-1.4.0.jar;C:\Users\sawan.k\.m2\repository\com\vaadin\external\google\android-json\0.0.20131108.vaadin1\android-json-0.0.20131108.vaadin1.jar;C:\Users\sawan.k\.m2\repository\org\springframework\spring-core\4.3.13.RELEASE\spring-core-4.3.13.RELEASE.jar;C:\Users\sawan.k\.m2\repository\org\springframework\spring-test\4.3.13.RELEASE\spring-test-4.3.13.RELEASE.jar;C:\Users\sawan.k\.m2\repository\org\apache\camel\camel-stream\2.20.1\camel-stream-2.20.1.jar;C:\Users\sawan.k\.m2\repository\org\apache\camel\camel-core\2.20.1\camel-core-2.20.1.jar;C:\Users\sawan.k\.m2\repository\com\sun\xml\bind\jaxb-core\2.2.11\jaxb-core-2.2.11.jar;C:\Users\sawan.k\.m2\repository\com\sun\xml\bind\jaxb-impl\2.2.11\jaxb-impl-2.2.11.jar;C:\Users\sawan.k\.m2\repository\org\apache\camel\camel-beanio\2.20.1\camel-beanio-2.20.1.jar;C:\Users\sawan.k\.m2\repository\org\beanio\beanio\2.1.0\beanio-2.1.0.jar;C:\Users\sawan.k\.m2\repository\org\projectlombok\lombok\1.16.20\lombok-1.16.20.jar;, user.name=sawan.k, java.vm.specification.version=1.8, sun.java.command=D:\ericsson\workspace\osm-camel-ws1\camel-beanio-lab1\target\surefire\surefirebooter8813651710618716183.jar D:\ericsson\workspace\osm-camel-ws1\camel-beanio-lab1\target\surefire\surefire3397109547071487161tmp D:\ericsson\workspace\osm-camel-ws1\camel-beanio-lab1\target\surefire\surefire_09098782521830712649tmp, java.home=C:\Program Files\Java\jdk1.8.0_202\jre, sun.arch.data.model=64, user.language=en, java.specification.vendor=Oracle Corporation, awt.toolkit=sun.awt.windows.WToolkit, java.vm.info=mixed mode, java.version=1.8.0_202, java.ext.dirs=C:\Program Files\Java\jdk1.8.0_202\jre\lib\ext;C:\Windows\Sun\Java\lib\ext, sun.boot.class.path=C:\Program Files\Java\jdk1.8.0_202\jre\lib\resources.jar;C:\Program Files\Java\jdk1.8.0_202\jre\lib\rt.jar;C:\Program Files\Java\jdk1.8.0_202\jre\lib\sunrsasign.jar;C:\Program Files\Java\jdk1.8.0_202\jre\lib\jsse.jar;C:\Program Files\Java\jdk1.8.0_202\jre\lib\jce.jar;C:\Program Files\Java\jdk1.8.0_202\jre\lib\charsets.jar;C:\Program Files\Java\jdk1.8.0_202\jre\lib\jfr.jar;C:\Program Files\Java\jdk1.8.0_202\jre\classes, java.vendor=Oracle Corporation, localRepository=C:\Users\sawan.k\.m2\repository, style.color=always, file.separator=\, java.vendor.url.bug=http://bugreport.sun.com/bugreport/, sun.io.unicode.encoding=UnicodeLittle, sun.cpu.endian=little, sun.desktop=windows, sun.cpu.isalist=amd64}}, SystemEnvironmentPropertySource@511717113 {name='systemEnvironment', properties={PATH=C:/Program Files/Java/jdk1.8.0_202/bin/../jre/bin/server;C:/Program Files/Java/jdk1.8.0_202/bin/../jre/bin;C:/Program Files/Java/jdk1.8.0_202/bin/../jre/lib/amd64;C:\Python310\Scripts\;C:\Python310\;C:\Windows\system32;C:\Windows;C:\Windows\System32\Wbem;C:\Windows\System32\WindowsPowerShell\v1.0\;C:\Windows\System32\OpenSSH\;C:\Program Files (x86)\Pulse Secure\VC142.CRT\X64\;C:\Program Files (x86)\Pulse Secure\VC142.CRT\X86\;D:\soft\apache-maven-3.8.3\bin;C:\Program Files\Git\cmd;C:\Program Files\Git\mingw64\bin;C:\Program Files\Git\usr\bin;C:\Program Files\Java\jdk1.8.0_202\bin;C:\Program Files\dotnet\;C:\Program Files (x86)\Intel\Intel(R) Management Engine Components\DAL;C:\Program Files\Intel\Intel(R) Management Engine Components\DAL;C:\Program Files\nodejs\;C:\ProgramData\chocolatey\bin;%LOCALAPPDATA%\Android\Sdk\platform-tools;C:\Program Files (x86)\Common Files\Pulse Secure\TNC Client Plugin\;C:\Users\sawan.k\AppData\Local\Programs\Python\Python38\Scripts\;C:\Users\sawan.k\AppData\Local\Programs\Python\Python38\;C:\Users\sawan.k\AppData\Local\Microsoft\WindowsApps;C:\Users\sawan.k\AppData\Roaming\npm;D:\soft\sts-bundle\sts-3.9.12.RELEASE;, USERDOMAIN_ROAMINGPROFILE=ACL, PROCESSOR_LEVEL=6, SYSTEMDRIVE=C:, SESSIONNAME=Console, ALLUSERSPROFILE=C:\ProgramData, PROCESSOR_ARCHITECTURE=AMD64, ANDROID_HOME=C:\Users\sawan.k\AppData\Local\Android\Sdk, DRIVERDATA=C:\Windows\System32\Drivers\DriverData, MAVEN_HOME=D:\soft\apache-maven-3.8.3, PROGRAMFILES=C:\Program Files, __PSLOCKDOWNPOLICY=0, PSMODULEPATH=C:\Program Files\WindowsPowerShell\Modules;C:\Windows\system32\WindowsPowerShell\v1.0\Modules, PROGRAMDATA=C:\ProgramData, CHOCOLATEYLASTPATHUPDATE=133039056468695069, USERNAME=sawan.k, USERDNSDOMAIN=ACL.LOCAL, FPS_BROWSER_USER_PROFILE_STRING=Default, ONEDRIVE=C:\Users\sawan.k\OneDrive, PATHEXT=.COM;.EXE;.BAT;.CMD;.VBS;.VBE;.JS;.JSE;.WSF;.WSH;.MSC;.PY;.PYW, WINDIR=C:\Windows, HOMEPATH=\Users\sawan.k, ESET_OPTIONS=                                                                                                                                                                                                                                                                                                                                                                                                                                                                                                                               , PROCESSOR_IDENTIFIER=Intel64 Family 6 Model 158 Stepping 9, GenuineIntel, PUBLIC=C:\Users\Public, =::=::\, ZES_ENABLE_SYSMAN=1, LOCALAPPDATA=C:\Users\sawan.k\AppData\Local, COMMONPROGRAMFILES(X86)=C:\Program Files (x86)\Common Files, USERDOMAIN=ACL, FPS_BROWSER_APP_PROFILE_STRING=Internet Explorer, LOGONSERVER=\\DC02, JAVA_HOME=C:\Program Files\Java\jdk1.8.0_202, PROMPT=$P$G, PROGRAMFILES(X86)=C:\Program Files (x86), =C:=C:\, APPDATA=C:\Users\sawan.k\AppData\Roaming, PROGRAMW6432=C:\Program Files, SYSTEMROOT=C:\Windows, CHOCOLATEYINSTALL=C:\ProgramData\chocolatey, VBOX_MSI_INSTALL_PATH=C:\Program Files\Oracle\VirtualBox\, OS=Windows_NT, COMMONPROGRAMW6432=C:\Program Files\Common Files, COMPUTERNAME=ACLBLRFC818, COMMONPROGRAMFILES=C:\Program Files\Common Files, COMSPEC=C:\Windows\system32\cmd.exe, PROCESSOR_REVISION=9e09, =D:=D:\ericsson\workspace\osm-camel-ws1\camel-beanio-lab1, TEMP=C:\Users\sawan.k\AppData\Local\Temp, HOMEDRIVE=C:, USERPROFILE=C:\Users\sawan.k, TMP=C:\Users\sawan.k\AppData\Local\Temp, NUMBER_OF_PROCESSORS=4}}]
06:57:17.461 [main] DEBUG org.springframework.core.env.MutablePropertySources - Adding PropertySource 'inline' with highest search precedence
06:57:17.466 [main] DEBUG org.springframework.test.context.support.TestPropertySourceUtils - Adding inlined properties to environment: {spring.jmx.enabled=false, org.springframework.boot.test.context.SpringBootTestContextBootstrapper=true, server.port=-1}
06:57:17.466 [main] DEBUG org.springframework.core.env.StandardEnvironment - Adding PropertySource 'Inlined Test Properties' with highest search precedence

  .   ____          _            __ _ _
 /\\ / ___'_ __ _ _(_)_ __  __ _ \ \ \ \
( ( )\___ | '_ | '_| | '_ \/ _` | \ \ \ \
 \\/  ___)| |_)| | | | | || (_| |  ) ) ) )
  '  |____| .__|_| |_|_| |_\__, | / / / /
 =========|_|==============|___/=/_/_/_/
 :: Spring Boot ::        (v1.5.9.RELEASE)

2023-04-12 06:57:17.896  INFO 18096 --- [           main] amelSpringBootSpringBootApplicationTests : Starting LearncamelSpringBootSpringBootApplicationTests on ACLBLRFC818 with PID 18096 (started by sawan.k in D:\ericsson\workspace\osm-camel-ws1\camel-beanio-lab1)
2023-04-12 06:57:17.898  INFO 18096 --- [           main] amelSpringBootSpringBootApplicationTests : No active profile set, falling back to default profiles: default
2023-04-12 06:57:17.967  INFO 18096 --- [           main] o.s.w.c.s.GenericWebApplicationContext   : Refreshing org.springframework.web.context.support.GenericWebApplicationContext@355ce81c: startup date [Wed Apr 12 06:57:17 IST 2023]; root of context hierarchy
2023-04-12 06:57:19.589  INFO 18096 --- [           main] trationDelegate$BeanPostProcessorChecker : Bean 'org.apache.camel.spring.boot.CamelAutoConfiguration' of type [org.apache.camel.spring.boot.CamelAutoConfiguration$$EnhancerBySpringCGLIB$$c31b0d9a] is not eligible for getting processed by all BeanPostProcessors (for example: not eligible for auto-proxying)
2023-04-12 06:57:20.341  INFO 18096 --- [           main] s.w.s.m.m.a.RequestMappingHandlerAdapter : Looking for @ControllerAdvice: org.springframework.web.context.support.GenericWebApplicationContext@355ce81c: startup date [Wed Apr 12 06:57:17 IST 2023]; root of context hierarchy
2023-04-12 06:57:20.440  INFO 18096 --- [           main] s.w.s.m.m.a.RequestMappingHandlerMapping : Mapped "{[/error]}" onto public org.springframework.http.ResponseEntity<java.util.Map<java.lang.String, java.lang.Object>> org.springframework.boot.autoconfigure.web.BasicErrorController.error(javax.servlet.http.HttpServletRequest)
2023-04-12 06:57:20.442  INFO 18096 --- [           main] s.w.s.m.m.a.RequestMappingHandlerMapping : Mapped "{[/error],produces=[text/html]}" onto public org.springframework.web.servlet.ModelAndView org.springframework.boot.autoconfigure.web.BasicErrorController.errorHtml(javax.servlet.http.HttpServletRequest,javax.servlet.http.HttpServletResponse)
2023-04-12 06:57:20.518  INFO 18096 --- [           main] o.s.w.s.handler.SimpleUrlHandlerMapping  : Mapped URL path [/webjars/**] onto handler of type [class org.springframework.web.servlet.resource.ResourceHttpRequestHandler]
2023-04-12 06:57:20.518  INFO 18096 --- [           main] o.s.w.s.handler.SimpleUrlHandlerMapping  : Mapped URL path [/**] onto handler of type [class org.springframework.web.servlet.resource.ResourceHttpRequestHandler]
2023-04-12 06:57:20.568  INFO 18096 --- [           main] o.s.w.s.handler.SimpleUrlHandlerMapping  : Mapped URL path [/**/favicon.ico] onto handler of type [class org.springframework.web.servlet.resource.ResourceHttpRequestHandler]
2023-04-12 06:57:20.873  WARN 18096 --- [           main] o.a.c.i.DefaultCamelBeanPostProcessor    : No CamelContext defined yet so cannot inject into bean: routesHealthCheckRepository
2023-04-12 06:57:21.032  INFO 18096 --- [           main] o.a.c.i.converter.DefaultTypeConverter   : Type converters loaded (core: 192, classpath: 1)
2023-04-12 06:57:21.861  INFO 18096 --- [           main] o.a.camel.spring.boot.RoutesCollector    : Loading additional Camel XML routes from: classpath:camel/*.xml
2023-04-12 06:57:21.862  INFO 18096 --- [           main] o.a.camel.spring.boot.RoutesCollector    : Loading additional Camel XML rests from: classpath:camel-rest/*.xml
2023-04-12 06:57:21.876  INFO 18096 --- [           main] o.a.camel.spring.SpringCamelContext      : Apache Camel 2.20.1 (CamelContext: camel-1) is starting
2023-04-12 06:57:21.878  INFO 18096 --- [           main] o.a.c.m.ManagedManagementStrategy        : JMX is enabled
2023-04-12 06:57:22.238  INFO 18096 --- [           main] o.a.camel.spring.SpringCamelContext      : StreamCaching is not in use. If using streams then its recommended to enable stream caching. See more details at http://camel.apache.org/stream-caching.html
2023-04-12 06:57:22.244  INFO 18096 --- [           main] o.a.camel.component.file.FileEndpoint    : Endpoint is configured with noop=true so forcing endpoint to be idempotent as well
2023-04-12 06:57:22.245  INFO 18096 --- [           main] o.a.camel.component.file.FileEndpoint    : Using default memory based idempotent repository with cache max size: 1000
2023-04-12 06:57:22.271  INFO 18096 --- [           main] o.a.camel.spring.SpringCamelContext      : Apache Camel 2.20.1 (CamelContext: camel-1) is shutting down
2023-04-12 06:57:22.306  INFO 18096 --- [           main] o.a.camel.spring.SpringCamelContext      : Apache Camel 2.20.1 (CamelContext: camel-1) uptime 0.426 seconds
2023-04-12 06:57:22.306  INFO 18096 --- [           main] o.a.camel.spring.SpringCamelContext      : Apache Camel 2.20.1 (CamelContext: camel-1) is shutdown in 0.035 seconds
2023-04-12 06:57:22.310  INFO 18096 --- [           main] utoConfigurationReportLoggingInitializer : 

Error starting ApplicationContext. To display the auto-configuration report re-run your application with 'debug' enabled.
2023-04-12 06:57:22.322 ERROR 18096 --- [           main] o.s.boot.SpringApplication               : Application startup failed

org.apache.camel.RuntimeCamelException: org.apache.camel.FailedToCreateRouteException: Failed to create route route1: Route(route1)[[From[file:data/input?noop=true]] -> [Unmarsha... because of Cannot find resource: mappings.xml in classpath for URI: mappings.xml
	at org.apache.camel.util.ObjectHelper.wrapRuntimeCamelException(ObjectHelper.java:1831) ~[camel-core-2.20.1.jar:2.20.1]
	at org.apache.camel.spring.SpringCamelContext.start(SpringCamelContext.java:136) ~[camel-spring-2.20.1.jar:2.20.1]
	at org.apache.camel.spring.SpringCamelContext.onApplicationEvent(SpringCamelContext.java:174) ~[camel-spring-2.20.1.jar:2.20.1]
	at org.springframework.context.event.SimpleApplicationEventMulticaster.doInvokeListener(SimpleApplicationEventMulticaster.java:172) ~[spring-context-4.3.13.RELEASE.jar:4.3.13.RELEASE]
	at org.springframework.context.event.SimpleApplicationEventMulticaster.invokeListener(SimpleApplicationEventMulticaster.java:165) ~[spring-context-4.3.13.RELEASE.jar:4.3.13.RELEASE]
	at org.springframework.context.event.SimpleApplicationEventMulticaster.multicastEvent(SimpleApplicationEventMulticaster.java:139) ~[spring-context-4.3.13.RELEASE.jar:4.3.13.RELEASE]
	at org.springframework.context.support.AbstractApplicationContext.publishEvent(AbstractApplicationContext.java:393) ~[spring-context-4.3.13.RELEASE.jar:4.3.13.RELEASE]
	at org.springframework.context.support.AbstractApplicationContext.publishEvent(AbstractApplicationContext.java:347) ~[spring-context-4.3.13.RELEASE.jar:4.3.13.RELEASE]
	at org.springframework.context.support.AbstractApplicationContext.finishRefresh(AbstractApplicationContext.java:883) ~[spring-context-4.3.13.RELEASE.jar:4.3.13.RELEASE]
	at org.springframework.context.support.AbstractApplicationContext.refresh(AbstractApplicationContext.java:546) ~[spring-context-4.3.13.RELEASE.jar:4.3.13.RELEASE]
	at org.springframework.boot.SpringApplication.refresh(SpringApplication.java:693) ~[spring-boot-1.5.9.RELEASE.jar:1.5.9.RELEASE]
	at org.springframework.boot.SpringApplication.refreshContext(SpringApplication.java:360) ~[spring-boot-1.5.9.RELEASE.jar:1.5.9.RELEASE]
	at org.springframework.boot.SpringApplication.run(SpringApplication.java:303) ~[spring-boot-1.5.9.RELEASE.jar:1.5.9.RELEASE]
	at org.springframework.boot.test.context.SpringBootContextLoader.loadContext(SpringBootContextLoader.java:120) [spring-boot-test-1.5.9.RELEASE.jar:1.5.9.RELEASE]
	at org.springframework.test.context.cache.DefaultCacheAwareContextLoaderDelegate.loadContextInternal(DefaultCacheAwareContextLoaderDelegate.java:98) [spring-test-4.3.13.RELEASE.jar:4.3.13.RELEASE]
	at org.springframework.test.context.cache.DefaultCacheAwareContextLoaderDelegate.loadContext(DefaultCacheAwareContextLoaderDelegate.java:116) [spring-test-4.3.13.RELEASE.jar:4.3.13.RELEASE]
	at org.springframework.test.context.support.DefaultTestContext.getApplicationContext(DefaultTestContext.java:83) [spring-test-4.3.13.RELEASE.jar:4.3.13.RELEASE]
	at org.springframework.test.context.web.ServletTestExecutionListener.setUpRequestContextIfNecessary(ServletTestExecutionListener.java:189) [spring-test-4.3.13.RELEASE.jar:4.3.13.RELEASE]
	at org.springframework.test.context.web.ServletTestExecutionListener.prepareTestInstance(ServletTestExecutionListener.java:131) [spring-test-4.3.13.RELEASE.jar:4.3.13.RELEASE]
	at org.springframework.test.context.TestContextManager.prepareTestInstance(TestContextManager.java:230) [spring-test-4.3.13.RELEASE.jar:4.3.13.RELEASE]
	at org.springframework.test.context.junit4.SpringJUnit4ClassRunner.createTest(SpringJUnit4ClassRunner.java:228) [spring-test-4.3.13.RELEASE.jar:4.3.13.RELEASE]
	at org.springframework.test.context.junit4.SpringJUnit4ClassRunner$1.runReflectiveCall(SpringJUnit4ClassRunner.java:287) [spring-test-4.3.13.RELEASE.jar:4.3.13.RELEASE]
	at org.junit.internal.runners.model.ReflectiveCallable.run(ReflectiveCallable.java:12) [junit-4.12.jar:4.12]
	at org.springframework.test.context.junit4.SpringJUnit4ClassRunner.methodBlock(SpringJUnit4ClassRunner.java:289) [spring-test-4.3.13.RELEASE.jar:4.3.13.RELEASE]
	at org.springframework.test.context.junit4.SpringJUnit4ClassRunner.runChild(SpringJUnit4ClassRunner.java:247) [spring-test-4.3.13.RELEASE.jar:4.3.13.RELEASE]
	at org.springframework.test.context.junit4.SpringJUnit4ClassRunner.runChild(SpringJUnit4ClassRunner.java:94) [spring-test-4.3.13.RELEASE.jar:4.3.13.RELEASE]
	at org.junit.runners.ParentRunner$3.run(ParentRunner.java:290) [junit-4.12.jar:4.12]
	at org.junit.runners.ParentRunner$1.schedule(ParentRunner.java:71) [junit-4.12.jar:4.12]
	at org.junit.runners.ParentRunner.runChildren(ParentRunner.java:288) [junit-4.12.jar:4.12]
	at org.junit.runners.ParentRunner.access$000(ParentRunner.java:58) [junit-4.12.jar:4.12]
	at org.junit.runners.ParentRunner$2.evaluate(ParentRunner.java:268) [junit-4.12.jar:4.12]
	at org.springframework.test.context.junit4.statements.RunBeforeTestClassCallbacks.evaluate(RunBeforeTestClassCallbacks.java:61) [spring-test-4.3.13.RELEASE.jar:4.3.13.RELEASE]
	at org.springframework.test.context.junit4.statements.RunAfterTestClassCallbacks.evaluate(RunAfterTestClassCallbacks.java:70) [spring-test-4.3.13.RELEASE.jar:4.3.13.RELEASE]
	at org.junit.runners.ParentRunner.run(ParentRunner.java:363) [junit-4.12.jar:4.12]
	at org.springframework.test.context.junit4.SpringJUnit4ClassRunner.run(SpringJUnit4ClassRunner.java:191) [spring-test-4.3.13.RELEASE.jar:4.3.13.RELEASE]
	at org.apache.maven.surefire.junit4.JUnit4Provider.execute(JUnit4Provider.java:283) [surefire-junit4-2.18.1.jar:2.18.1]
	at org.apache.maven.surefire.junit4.JUnit4Provider.executeWithRerun(JUnit4Provider.java:173) [surefire-junit4-2.18.1.jar:2.18.1]
	at org.apache.maven.surefire.junit4.JUnit4Provider.executeTestSet(JUnit4Provider.java:153) [surefire-junit4-2.18.1.jar:2.18.1]
	at org.apache.maven.surefire.junit4.JUnit4Provider.invoke(JUnit4Provider.java:128) [surefire-junit4-2.18.1.jar:2.18.1]
	at org.apache.maven.surefire.booter.ForkedBooter.invokeProviderInSameClassLoader(ForkedBooter.java:203) [surefire-booter-2.18.1.jar:2.18.1]
	at org.apache.maven.surefire.booter.ForkedBooter.runSuitesInProcess(ForkedBooter.java:155) [surefire-booter-2.18.1.jar:2.18.1]
	at org.apache.maven.surefire.booter.ForkedBooter.main(ForkedBooter.java:103) [surefire-booter-2.18.1.jar:2.18.1]
Caused by: org.apache.camel.FailedToCreateRouteException: Failed to create route route1: Route(route1)[[From[file:data/input?noop=true]] -> [Unmarsha... because of Cannot find resource: mappings.xml in classpath for URI: mappings.xml
	at org.apache.camel.impl.RouteService.warmUp(RouteService.java:147) ~[camel-core-2.20.1.jar:2.20.1]
	at org.apache.camel.impl.DefaultCamelContext.doWarmUpRoutes(DefaultCamelContext.java:3945) ~[camel-core-2.20.1.jar:2.20.1]
	at org.apache.camel.impl.DefaultCamelContext.safelyStartRouteServices(DefaultCamelContext.java:3852) ~[camel-core-2.20.1.jar:2.20.1]
	at org.apache.camel.impl.DefaultCamelContext.doStartOrResumeRoutes(DefaultCamelContext.java:3638) ~[camel-core-2.20.1.jar:2.20.1]
	at org.apache.camel.impl.DefaultCamelContext.doStartCamel(DefaultCamelContext.java:3490) ~[camel-core-2.20.1.jar:2.20.1]
	at org.apache.camel.impl.DefaultCamelContext.access$000(DefaultCamelContext.java:208) ~[camel-core-2.20.1.jar:2.20.1]
	at org.apache.camel.impl.DefaultCamelContext$2.call(DefaultCamelContext.java:3249) ~[camel-core-2.20.1.jar:2.20.1]
	at org.apache.camel.impl.DefaultCamelContext$2.call(DefaultCamelContext.java:3245) ~[camel-core-2.20.1.jar:2.20.1]
	at org.apache.camel.impl.DefaultCamelContext.doWithDefinedClassLoader(DefaultCamelContext.java:3268) ~[camel-core-2.20.1.jar:2.20.1]
	at org.apache.camel.impl.DefaultCamelContext.doStart(DefaultCamelContext.java:3245) ~[camel-core-2.20.1.jar:2.20.1]
	at org.apache.camel.support.ServiceSupport.start(ServiceSupport.java:61) ~[camel-core-2.20.1.jar:2.20.1]
	at org.apache.camel.impl.DefaultCamelContext.start(DefaultCamelContext.java:3168) ~[camel-core-2.20.1.jar:2.20.1]
	at org.apache.camel.spring.SpringCamelContext.start(SpringCamelContext.java:133) ~[camel-spring-2.20.1.jar:2.20.1]
	... 40 common frames omitted
Caused by: java.io.FileNotFoundException: Cannot find resource: mappings.xml in classpath for URI: mappings.xml
	at org.apache.camel.util.ResourceHelper.resolveMandatoryResourceAsInputStream(ResourceHelper.java:179) ~[camel-core-2.20.1.jar:2.20.1]
	at org.apache.camel.dataformat.beanio.BeanIODataFormat.doStart(BeanIODataFormat.java:80) ~[camel-beanio-2.20.1.jar:2.20.1]
	at org.apache.camel.support.ServiceSupport.start(ServiceSupport.java:61) ~[camel-core-2.20.1.jar:2.20.1]
	at org.apache.camel.util.ServiceHelper.startService(ServiceHelper.java:75) ~[camel-core-2.20.1.jar:2.20.1]
	at org.apache.camel.impl.DefaultCamelContext.doAddService(DefaultCamelContext.java:1495) ~[camel-core-2.20.1.jar:2.20.1]
	at org.apache.camel.impl.DefaultCamelContext.addService(DefaultCamelContext.java:1455) ~[camel-core-2.20.1.jar:2.20.1]
	at org.apache.camel.processor.UnmarshalProcessor.doStart(UnmarshalProcessor.java:127) ~[camel-core-2.20.1.jar:2.20.1]
	at org.apache.camel.support.ServiceSupport.start(ServiceSupport.java:61) ~[camel-core-2.20.1.jar:2.20.1]
	at org.apache.camel.util.ServiceHelper.startService(ServiceHelper.java:75) ~[camel-core-2.20.1.jar:2.20.1]
	at org.apache.camel.util.ServiceHelper.startService(ServiceHelper.java:60) ~[camel-core-2.20.1.jar:2.20.1]
	at org.apache.camel.util.ServiceHelper.startServices(ServiceHelper.java:104) ~[camel-core-2.20.1.jar:2.20.1]
	at org.apache.camel.util.ServiceHelper.startServices(ServiceHelper.java:90) ~[camel-core-2.20.1.jar:2.20.1]
	at org.apache.camel.processor.RedeliveryErrorHandler.doStart(RedeliveryErrorHandler.java:1472) ~[camel-core-2.20.1.jar:2.20.1]
	at org.apache.camel.support.ChildServiceSupport.start(ChildServiceSupport.java:44) ~[camel-core-2.20.1.jar:2.20.1]
	at org.apache.camel.support.ChildServiceSupport.start(ChildServiceSupport.java:31) ~[camel-core-2.20.1.jar:2.20.1]
	at org.apache.camel.util.ServiceHelper.startService(ServiceHelper.java:75) ~[camel-core-2.20.1.jar:2.20.1]
	at org.apache.camel.util.ServiceHelper.startService(ServiceHelper.java:60) ~[camel-core-2.20.1.jar:2.20.1]
	at org.apache.camel.util.ServiceHelper.startServices(ServiceHelper.java:104) ~[camel-core-2.20.1.jar:2.20.1]
	at org.apache.camel.util.ServiceHelper.startServices(ServiceHelper.java:90) ~[camel-core-2.20.1.jar:2.20.1]
	at org.apache.camel.processor.interceptor.DefaultChannel.doStart(DefaultChannel.java:160) ~[camel-core-2.20.1.jar:2.20.1]
	at org.apache.camel.support.ServiceSupport.start(ServiceSupport.java:61) ~[camel-core-2.20.1.jar:2.20.1]
	at org.apache.camel.util.ServiceHelper.startService(ServiceHelper.java:75) ~[camel-core-2.20.1.jar:2.20.1]
	at org.apache.camel.util.ServiceHelper.startService(ServiceHelper.java:60) ~[camel-core-2.20.1.jar:2.20.1]
	at org.apache.camel.util.ServiceHelper.startServices(ServiceHelper.java:104) ~[camel-core-2.20.1.jar:2.20.1]
	at org.apache.camel.util.ServiceHelper.startService(ServiceHelper.java:62) ~[camel-core-2.20.1.jar:2.20.1]
	at org.apache.camel.util.ServiceHelper.startServices(ServiceHelper.java:104) ~[camel-core-2.20.1.jar:2.20.1]
	at org.apache.camel.util.ServiceHelper.startServices(ServiceHelper.java:90) ~[camel-core-2.20.1.jar:2.20.1]
	at org.apache.camel.processor.MulticastProcessor.doStart(MulticastProcessor.java:1172) ~[camel-core-2.20.1.jar:2.20.1]
	at org.apache.camel.support.ServiceSupport.start(ServiceSupport.java:61) ~[camel-core-2.20.1.jar:2.20.1]
	at org.apache.camel.util.ServiceHelper.startService(ServiceHelper.java:75) ~[camel-core-2.20.1.jar:2.20.1]
	at org.apache.camel.util.ServiceHelper.startService(ServiceHelper.java:60) ~[camel-core-2.20.1.jar:2.20.1]
	at org.apache.camel.util.ServiceHelper.startServices(ServiceHelper.java:104) ~[camel-core-2.20.1.jar:2.20.1]
	at org.apache.camel.util.ServiceHelper.startServices(ServiceHelper.java:90) ~[camel-core-2.20.1.jar:2.20.1]
	at org.apache.camel.processor.DelegateAsyncProcessor.doStart(DelegateAsyncProcessor.java:80) ~[camel-core-2.20.1.jar:2.20.1]
	at org.apache.camel.support.ServiceSupport.start(ServiceSupport.java:61) ~[camel-core-2.20.1.jar:2.20.1]
	at org.apache.camel.util.ServiceHelper.startService(ServiceHelper.java:75) ~[camel-core-2.20.1.jar:2.20.1]
	at org.apache.camel.impl.RouteService.startChildService(RouteService.java:370) ~[camel-core-2.20.1.jar:2.20.1]
	at org.apache.camel.impl.RouteService.doWarmUp(RouteService.java:196) ~[camel-core-2.20.1.jar:2.20.1]
	at org.apache.camel.impl.RouteService.warmUp(RouteService.java:145) ~[camel-core-2.20.1.jar:2.20.1]
	... 52 common frames omitted

2023-04-12 06:57:22.324  INFO 18096 --- [           main] o.s.w.c.s.GenericWebApplicationContext   : Closing org.springframework.web.context.support.GenericWebApplicationContext@355ce81c: startup date [Wed Apr 12 06:57:17 IST 2023]; root of context hierarchy
2023-04-12 06:57:22.328  INFO 18096 --- [           main] o.s.c.support.DefaultLifecycleProcessor  : Stopping beans in phase 2147483647
2023-04-12 06:57:22.331 ERROR 18096 --- [           main] o.s.test.context.TestContextManager      : Caught exception while allowing TestExecutionListener [org.springframework.test.context.web.ServletTestExecutionListener@49070868] to prepare test instance [com.learncamel.LearncamelSpringBootSpringBootApplicationTests@1f408ab6]

java.lang.IllegalStateException: Failed to load ApplicationContext
	at org.springframework.test.context.cache.DefaultCacheAwareContextLoaderDelegate.loadContext(DefaultCacheAwareContextLoaderDelegate.java:124) ~[spring-test-4.3.13.RELEASE.jar:4.3.13.RELEASE]
	at org.springframework.test.context.support.DefaultTestContext.getApplicationContext(DefaultTestContext.java:83) ~[spring-test-4.3.13.RELEASE.jar:4.3.13.RELEASE]
	at org.springframework.test.context.web.ServletTestExecutionListener.setUpRequestContextIfNecessary(ServletTestExecutionListener.java:189) ~[spring-test-4.3.13.RELEASE.jar:4.3.13.RELEASE]
	at org.springframework.test.context.web.ServletTestExecutionListener.prepareTestInstance(ServletTestExecutionListener.java:131) ~[spring-test-4.3.13.RELEASE.jar:4.3.13.RELEASE]
	at org.springframework.test.context.TestContextManager.prepareTestInstance(TestContextManager.java:230) ~[spring-test-4.3.13.RELEASE.jar:4.3.13.RELEASE]
	at org.springframework.test.context.junit4.SpringJUnit4ClassRunner.createTest(SpringJUnit4ClassRunner.java:228) [spring-test-4.3.13.RELEASE.jar:4.3.13.RELEASE]
	at org.springframework.test.context.junit4.SpringJUnit4ClassRunner$1.runReflectiveCall(SpringJUnit4ClassRunner.java:287) [spring-test-4.3.13.RELEASE.jar:4.3.13.RELEASE]
	at org.junit.internal.runners.model.ReflectiveCallable.run(ReflectiveCallable.java:12) [junit-4.12.jar:4.12]
	at org.springframework.test.context.junit4.SpringJUnit4ClassRunner.methodBlock(SpringJUnit4ClassRunner.java:289) [spring-test-4.3.13.RELEASE.jar:4.3.13.RELEASE]
	at org.springframework.test.context.junit4.SpringJUnit4ClassRunner.runChild(SpringJUnit4ClassRunner.java:247) [spring-test-4.3.13.RELEASE.jar:4.3.13.RELEASE]
	at org.springframework.test.context.junit4.SpringJUnit4ClassRunner.runChild(SpringJUnit4ClassRunner.java:94) [spring-test-4.3.13.RELEASE.jar:4.3.13.RELEASE]
	at org.junit.runners.ParentRunner$3.run(ParentRunner.java:290) [junit-4.12.jar:4.12]
	at org.junit.runners.ParentRunner$1.schedule(ParentRunner.java:71) [junit-4.12.jar:4.12]
	at org.junit.runners.ParentRunner.runChildren(ParentRunner.java:288) [junit-4.12.jar:4.12]
	at org.junit.runners.ParentRunner.access$000(ParentRunner.java:58) [junit-4.12.jar:4.12]
	at org.junit.runners.ParentRunner$2.evaluate(ParentRunner.java:268) [junit-4.12.jar:4.12]
	at org.springframework.test.context.junit4.statements.RunBeforeTestClassCallbacks.evaluate(RunBeforeTestClassCallbacks.java:61) [spring-test-4.3.13.RELEASE.jar:4.3.13.RELEASE]
	at org.springframework.test.context.junit4.statements.RunAfterTestClassCallbacks.evaluate(RunAfterTestClassCallbacks.java:70) [spring-test-4.3.13.RELEASE.jar:4.3.13.RELEASE]
	at org.junit.runners.ParentRunner.run(ParentRunner.java:363) [junit-4.12.jar:4.12]
	at org.springframework.test.context.junit4.SpringJUnit4ClassRunner.run(SpringJUnit4ClassRunner.java:191) [spring-test-4.3.13.RELEASE.jar:4.3.13.RELEASE]
	at org.apache.maven.surefire.junit4.JUnit4Provider.execute(JUnit4Provider.java:283) [surefire-junit4-2.18.1.jar:2.18.1]
	at org.apache.maven.surefire.junit4.JUnit4Provider.executeWithRerun(JUnit4Provider.java:173) [surefire-junit4-2.18.1.jar:2.18.1]
	at org.apache.maven.surefire.junit4.JUnit4Provider.executeTestSet(JUnit4Provider.java:153) [surefire-junit4-2.18.1.jar:2.18.1]
	at org.apache.maven.surefire.junit4.JUnit4Provider.invoke(JUnit4Provider.java:128) [surefire-junit4-2.18.1.jar:2.18.1]
	at org.apache.maven.surefire.booter.ForkedBooter.invokeProviderInSameClassLoader(ForkedBooter.java:203) [surefire-booter-2.18.1.jar:2.18.1]
	at org.apache.maven.surefire.booter.ForkedBooter.runSuitesInProcess(ForkedBooter.java:155) [surefire-booter-2.18.1.jar:2.18.1]
	at org.apache.maven.surefire.booter.ForkedBooter.main(ForkedBooter.java:103) [surefire-booter-2.18.1.jar:2.18.1]
Caused by: org.apache.camel.RuntimeCamelException: org.apache.camel.FailedToCreateRouteException: Failed to create route route1: Route(route1)[[From[file:data/input?noop=true]] -> [Unmarsha... because of Cannot find resource: mappings.xml in classpath for URI: mappings.xml
	at org.apache.camel.util.ObjectHelper.wrapRuntimeCamelException(ObjectHelper.java:1831) ~[camel-core-2.20.1.jar:2.20.1]
	at org.apache.camel.spring.SpringCamelContext.start(SpringCamelContext.java:136) ~[camel-spring-2.20.1.jar:2.20.1]
	at org.apache.camel.spring.SpringCamelContext.onApplicationEvent(SpringCamelContext.java:174) ~[camel-spring-2.20.1.jar:2.20.1]
	at org.springframework.context.event.SimpleApplicationEventMulticaster.doInvokeListener(SimpleApplicationEventMulticaster.java:172) ~[spring-context-4.3.13.RELEASE.jar:4.3.13.RELEASE]
	at org.springframework.context.event.SimpleApplicationEventMulticaster.invokeListener(SimpleApplicationEventMulticaster.java:165) ~[spring-context-4.3.13.RELEASE.jar:4.3.13.RELEASE]
	at org.springframework.context.event.SimpleApplicationEventMulticaster.multicastEvent(SimpleApplicationEventMulticaster.java:139) ~[spring-context-4.3.13.RELEASE.jar:4.3.13.RELEASE]
	at org.springframework.context.support.AbstractApplicationContext.publishEvent(AbstractApplicationContext.java:393) ~[spring-context-4.3.13.RELEASE.jar:4.3.13.RELEASE]
	at org.springframework.context.support.AbstractApplicationContext.publishEvent(AbstractApplicationContext.java:347) ~[spring-context-4.3.13.RELEASE.jar:4.3.13.RELEASE]
	at org.springframework.context.support.AbstractApplicationContext.finishRefresh(AbstractApplicationContext.java:883) ~[spring-context-4.3.13.RELEASE.jar:4.3.13.RELEASE]
	at org.springframework.context.support.AbstractApplicationContext.refresh(AbstractApplicationContext.java:546) ~[spring-context-4.3.13.RELEASE.jar:4.3.13.RELEASE]
	at org.springframework.boot.SpringApplication.refresh(SpringApplication.java:693) ~[spring-boot-1.5.9.RELEASE.jar:1.5.9.RELEASE]
	at org.springframework.boot.SpringApplication.refreshContext(SpringApplication.java:360) ~[spring-boot-1.5.9.RELEASE.jar:1.5.9.RELEASE]
	at org.springframework.boot.SpringApplication.run(SpringApplication.java:303) ~[spring-boot-1.5.9.RELEASE.jar:1.5.9.RELEASE]
	at org.springframework.boot.test.context.SpringBootContextLoader.loadContext(SpringBootContextLoader.java:120) ~[spring-boot-test-1.5.9.RELEASE.jar:1.5.9.RELEASE]
	at org.springframework.test.context.cache.DefaultCacheAwareContextLoaderDelegate.loadContextInternal(DefaultCacheAwareContextLoaderDelegate.java:98) ~[spring-test-4.3.13.RELEASE.jar:4.3.13.RELEASE]
	at org.springframework.test.context.cache.DefaultCacheAwareContextLoaderDelegate.loadContext(DefaultCacheAwareContextLoaderDelegate.java:116) ~[spring-test-4.3.13.RELEASE.jar:4.3.13.RELEASE]
	... 26 common frames omitted
Caused by: org.apache.camel.FailedToCreateRouteException: Failed to create route route1: Route(route1)[[From[file:data/input?noop=true]] -> [Unmarsha... because of Cannot find resource: mappings.xml in classpath for URI: mappings.xml
	at org.apache.camel.impl.RouteService.warmUp(RouteService.java:147) ~[camel-core-2.20.1.jar:2.20.1]
	at org.apache.camel.impl.DefaultCamelContext.doWarmUpRoutes(DefaultCamelContext.java:3945) ~[camel-core-2.20.1.jar:2.20.1]
	at org.apache.camel.impl.DefaultCamelContext.safelyStartRouteServices(DefaultCamelContext.java:3852) ~[camel-core-2.20.1.jar:2.20.1]
	at org.apache.camel.impl.DefaultCamelContext.doStartOrResumeRoutes(DefaultCamelContext.java:3638) ~[camel-core-2.20.1.jar:2.20.1]
	at org.apache.camel.impl.DefaultCamelContext.doStartCamel(DefaultCamelContext.java:3490) ~[camel-core-2.20.1.jar:2.20.1]
	at org.apache.camel.impl.DefaultCamelContext.access$000(DefaultCamelContext.java:208) ~[camel-core-2.20.1.jar:2.20.1]
	at org.apache.camel.impl.DefaultCamelContext$2.call(DefaultCamelContext.java:3249) ~[camel-core-2.20.1.jar:2.20.1]
	at org.apache.camel.impl.DefaultCamelContext$2.call(DefaultCamelContext.java:3245) ~[camel-core-2.20.1.jar:2.20.1]
	at org.apache.camel.impl.DefaultCamelContext.doWithDefinedClassLoader(DefaultCamelContext.java:3268) ~[camel-core-2.20.1.jar:2.20.1]
	at org.apache.camel.impl.DefaultCamelContext.doStart(DefaultCamelContext.java:3245) ~[camel-core-2.20.1.jar:2.20.1]
	at org.apache.camel.support.ServiceSupport.start(ServiceSupport.java:61) ~[camel-core-2.20.1.jar:2.20.1]
	at org.apache.camel.impl.DefaultCamelContext.start(DefaultCamelContext.java:3168) ~[camel-core-2.20.1.jar:2.20.1]
	at org.apache.camel.spring.SpringCamelContext.start(SpringCamelContext.java:133) ~[camel-spring-2.20.1.jar:2.20.1]
	... 40 common frames omitted
Caused by: java.io.FileNotFoundException: Cannot find resource: mappings.xml in classpath for URI: mappings.xml
	at org.apache.camel.util.ResourceHelper.resolveMandatoryResourceAsInputStream(ResourceHelper.java:179) ~[camel-core-2.20.1.jar:2.20.1]
	at org.apache.camel.dataformat.beanio.BeanIODataFormat.doStart(BeanIODataFormat.java:80) ~[camel-beanio-2.20.1.jar:2.20.1]
	at org.apache.camel.support.ServiceSupport.start(ServiceSupport.java:61) ~[camel-core-2.20.1.jar:2.20.1]
	at org.apache.camel.util.ServiceHelper.startService(ServiceHelper.java:75) ~[camel-core-2.20.1.jar:2.20.1]
	at org.apache.camel.impl.DefaultCamelContext.doAddService(DefaultCamelContext.java:1495) ~[camel-core-2.20.1.jar:2.20.1]
	at org.apache.camel.impl.DefaultCamelContext.addService(DefaultCamelContext.java:1455) ~[camel-core-2.20.1.jar:2.20.1]
	at org.apache.camel.processor.UnmarshalProcessor.doStart(UnmarshalProcessor.java:127) ~[camel-core-2.20.1.jar:2.20.1]
	at org.apache.camel.support.ServiceSupport.start(ServiceSupport.java:61) ~[camel-core-2.20.1.jar:2.20.1]
	at org.apache.camel.util.ServiceHelper.startService(ServiceHelper.java:75) ~[camel-core-2.20.1.jar:2.20.1]
	at org.apache.camel.util.ServiceHelper.startService(ServiceHelper.java:60) ~[camel-core-2.20.1.jar:2.20.1]
	at org.apache.camel.util.ServiceHelper.startServices(ServiceHelper.java:104) ~[camel-core-2.20.1.jar:2.20.1]
	at org.apache.camel.util.ServiceHelper.startServices(ServiceHelper.java:90) ~[camel-core-2.20.1.jar:2.20.1]
	at org.apache.camel.processor.RedeliveryErrorHandler.doStart(RedeliveryErrorHandler.java:1472) ~[camel-core-2.20.1.jar:2.20.1]
	at org.apache.camel.support.ChildServiceSupport.start(ChildServiceSupport.java:44) ~[camel-core-2.20.1.jar:2.20.1]
	at org.apache.camel.support.ChildServiceSupport.start(ChildServiceSupport.java:31) ~[camel-core-2.20.1.jar:2.20.1]
	at org.apache.camel.util.ServiceHelper.startService(ServiceHelper.java:75) ~[camel-core-2.20.1.jar:2.20.1]
	at org.apache.camel.util.ServiceHelper.startService(ServiceHelper.java:60) ~[camel-core-2.20.1.jar:2.20.1]
	at org.apache.camel.util.ServiceHelper.startServices(ServiceHelper.java:104) ~[camel-core-2.20.1.jar:2.20.1]
	at org.apache.camel.util.ServiceHelper.startServices(ServiceHelper.java:90) ~[camel-core-2.20.1.jar:2.20.1]
	at org.apache.camel.processor.interceptor.DefaultChannel.doStart(DefaultChannel.java:160) ~[camel-core-2.20.1.jar:2.20.1]
	at org.apache.camel.support.ServiceSupport.start(ServiceSupport.java:61) ~[camel-core-2.20.1.jar:2.20.1]
	at org.apache.camel.util.ServiceHelper.startService(ServiceHelper.java:75) ~[camel-core-2.20.1.jar:2.20.1]
	at org.apache.camel.util.ServiceHelper.startService(ServiceHelper.java:60) ~[camel-core-2.20.1.jar:2.20.1]
	at org.apache.camel.util.ServiceHelper.startServices(ServiceHelper.java:104) ~[camel-core-2.20.1.jar:2.20.1]
	at org.apache.camel.util.ServiceHelper.startService(ServiceHelper.java:62) ~[camel-core-2.20.1.jar:2.20.1]
	at org.apache.camel.util.ServiceHelper.startServices(ServiceHelper.java:104) ~[camel-core-2.20.1.jar:2.20.1]
	at org.apache.camel.util.ServiceHelper.startServices(ServiceHelper.java:90) ~[camel-core-2.20.1.jar:2.20.1]
	at org.apache.camel.processor.MulticastProcessor.doStart(MulticastProcessor.java:1172) ~[camel-core-2.20.1.jar:2.20.1]
	at org.apache.camel.support.ServiceSupport.start(ServiceSupport.java:61) ~[camel-core-2.20.1.jar:2.20.1]
	at org.apache.camel.util.ServiceHelper.startService(ServiceHelper.java:75) ~[camel-core-2.20.1.jar:2.20.1]
	at org.apache.camel.util.ServiceHelper.startService(ServiceHelper.java:60) ~[camel-core-2.20.1.jar:2.20.1]
	at org.apache.camel.util.ServiceHelper.startServices(ServiceHelper.java:104) ~[camel-core-2.20.1.jar:2.20.1]
	at org.apache.camel.util.ServiceHelper.startServices(ServiceHelper.java:90) ~[camel-core-2.20.1.jar:2.20.1]
	at org.apache.camel.processor.DelegateAsyncProcessor.doStart(DelegateAsyncProcessor.java:80) ~[camel-core-2.20.1.jar:2.20.1]
	at org.apache.camel.support.ServiceSupport.start(ServiceSupport.java:61) ~[camel-core-2.20.1.jar:2.20.1]
	at org.apache.camel.util.ServiceHelper.startService(ServiceHelper.java:75) ~[camel-core-2.20.1.jar:2.20.1]
	at org.apache.camel.impl.RouteService.startChildService(RouteService.java:370) ~[camel-core-2.20.1.jar:2.20.1]
	at org.apache.camel.impl.RouteService.doWarmUp(RouteService.java:196) ~[camel-core-2.20.1.jar:2.20.1]
	at org.apache.camel.impl.RouteService.warmUp(RouteService.java:145) ~[camel-core-2.20.1.jar:2.20.1]
	... 52 common frames omitted

]]></system-out>
  </testcase>
</testsuite>